0 verbose cli /home/ec2-user/.nvm/versions/node/v18.20.5/bin/node /home/ec2-user/.nvm/versions/node/v18.20.5/bin/npm
1 info using npm@10.8.2
2 info using node@v18.20.5
3 silly config load:file:/home/ec2-user/.nvm/versions/node/v18.20.5/lib/node_modules/npm/npmrc
4 silly config load:file:/home/ec2-user/.cache/typescript/5.7/.npmrc
5 silly config load:file:/home/ec2-user/.npmrc
6 silly config load:file:/home/ec2-user/.nvm/versions/node/v18.20.5/etc/npmrc
7 verbose title npm install types-registry@latest
8 verbose argv "install" "--ignore-scripts" "types-registry@latest"
9 verbose logfile logs-max:10 dir:/home/ec2-user/.npm/_logs/2025-06-10T06_17_58_478Z-
10 verbose logfile /home/ec2-user/.npm/_logs/2025-06-10T06_17_58_478Z-debug-0.log
11 silly packumentCache heap:510394368 maxSize:127598592 maxEntrySize:63799296
12 silly logfile start cleaning logs, removing 1 files
13 silly logfile done cleaning log files
14 silly packumentCache corgi:https://registry.npmjs.org/types-registry cache-miss
15 http fetch GET 200 https://registry.npmjs.org/types-registry 348ms (cache miss)
16 silly packumentCache corgi:https://registry.npmjs.org/types-registry set size:undefined disposed:false
17 silly idealTree buildDeps
18 silly fetch manifest types-registry@0.1.724
19 silly packumentCache full:https://registry.npmjs.org/types-registry cache-miss
20 http fetch GET 200 https://registry.npmjs.org/types-registry 122ms (cache miss)
21 silly packumentCache full:https://registry.npmjs.org/types-registry set size:undefined disposed:false
22 silly placeDep ROOT types-registry@0.1.724 OK for:  want: 0.1.724
23 silly reify moves {}
24 silly audit bulk request { 'types-registry': [ '0.1.724' ] }
25 silly tarball no local data for types-registry@https://registry.npmjs.org/types-registry/-/types-registry-0.1.724.tgz. Extracting by manifest.
26 http fetch POST 200 https://registry.npmjs.org/-/npm/v1/security/advisories/bulk 209ms
27 silly audit report {}
28 http fetch GET 200 https://registry.npmjs.org/types-registry/-/types-registry-0.1.724.tgz 235ms (cache miss)
29 silly ADD node_modules/types-registry
30 verbose cwd /home/ec2-user/.cache/typescript/5.7
31 verbose os Linux 6.1.109-118.189.amzn2023.x86_64
32 verbose node v18.20.5
33 verbose npm  v10.8.2
34 verbose exit 0
35 info ok
