0 verbose cli /home/ec2-user/.nvm/versions/node/v18.20.5/bin/node /home/ec2-user/.nvm/versions/node/v18.20.5/bin/npm
1 info using npm@10.8.2
2 info using node@v18.20.5
3 silly config load:file:/home/ec2-user/.nvm/versions/node/v18.20.5/lib/node_modules/npm/npmrc
4 silly config load:file:/home/ec2-user/.cache/typescript/5.7/.npmrc
5 silly config load:file:/home/ec2-user/.npmrc
6 silly config load:file:/home/ec2-user/.nvm/versions/node/v18.20.5/etc/npmrc
7 verbose title npm install types-registry@latest
8 verbose argv "install" "--ignore-scripts" "types-registry@latest"
9 verbose logfile logs-max:10 dir:/home/ec2-user/.npm/_logs/2025-06-10T07_53_41_805Z-
10 verbose logfile /home/ec2-user/.npm/_logs/2025-06-10T07_53_41_805Z-debug-0.log
11 silly packumentCache heap:510394368 maxSize:127598592 maxEntrySize:63799296
12 silly logfile start cleaning logs, removing 1 files
13 silly logfile done cleaning log files
14 silly packumentCache corgi:https://registry.npmjs.org/types-registry cache-miss
15 http fetch GET 200 https://registry.npmjs.org/types-registry 434ms (cache revalidated)
16 silly packumentCache corgi:https://registry.npmjs.org/types-registry set size:600382 disposed:false
17 silly idealTree buildDeps
18 silly fetch manifest types-registry@0.1.724
19 silly packumentCache full:https://registry.npmjs.org/types-registry cache-miss
20 http fetch GET 200 https://registry.npmjs.org/types-registry 46ms (cache revalidated)
21 silly packumentCache full:https://registry.npmjs.org/types-registry set size:1273158 disposed:false
22 silly placeDep ROOT types-registry@0.1.724 REPLACE for:  want: 0.1.724
23 silly reify moves {}
24 silly audit bulk request {
24 silly audit   '@types/react': [ '19.1.7' ],
24 silly audit   '@types/react-dom': [ '19.1.6' ],
24 silly audit   csstype: [ '3.1.3' ],
24 silly audit   'types-registry': [ '0.1.724' ]
24 silly audit }
25 http fetch POST 200 https://registry.npmjs.org/-/npm/v1/security/advisories/bulk 204ms
26 silly audit report {}
27 verbose cwd /home/ec2-user/.cache/typescript/5.7
28 verbose os Linux 6.1.109-118.189.amzn2023.x86_64
29 verbose node v18.20.5
30 verbose npm  v10.8.2
31 verbose exit 0
32 info ok
