0 verbose cli /home/ec2-user/.nvm/versions/node/v18.20.5/bin/node /home/ec2-user/.nvm/versions/node/v18.20.5/lib/node_modules/npm/bin/npm-cli.js
1 info using npm@10.8.2
2 info using node@v18.20.5
3 silly config load:file:/home/ec2-user/.nvm/versions/node/v18.20.5/lib/node_modules/npm/npmrc
4 silly config load:file:/home/ec2-user/.npmrc
5 silly config load:file:/home/ec2-user/.nvm/versions/node/v18.20.5/etc/npmrc
6 verbose title npm exec tailwindcss init -p
7 verbose argv "exec" "--" "tailwindcss" "init" "-p"
8 verbose logfile logs-max:10 dir:/home/ec2-user/.npm/_logs/2025-06-10T06_14_56_200Z-
9 verbose logfile /home/ec2-user/.npm/_logs/2025-06-10T06_14_56_200Z-debug-0.log
10 silly logfile start cleaning logs, removing 1 files
11 silly logfile done cleaning log files
12 silly packumentCache heap:510394368 maxSize:127598592 maxEntrySize:63799296
13 http fetch GET 200 https://registry.npmjs.org/tailwindcss 332ms (cache updated)
14 verbose stack Error: could not determine executable to run
14 verbose stack     at getBinFromManifest (/home/ec2-user/.nvm/versions/node/v18.20.5/lib/node_modules/npm/node_modules/libnpmexec/lib/get-bin-from-manifest.js:17:23)
14 verbose stack     at exec (/home/ec2-user/.nvm/versions/node/v18.20.5/lib/node_modules/npm/node_modules/libnpmexec/lib/index.js:202:15)
14 verbose stack     at async Npm.exec (/home/ec2-user/.nvm/versions/node/v18.20.5/lib/node_modules/npm/lib/npm.js:207:9)
14 verbose stack     at async module.exports (/home/ec2-user/.nvm/versions/node/v18.20.5/lib/node_modules/npm/lib/cli/entry.js:74:5)
15 verbose pkgid tailwindcss@4.1.8
16 error could not determine executable to run
17 verbose cwd /home/ec2-user
18 verbose os Linux 6.1.109-118.189.amzn2023.x86_64
19 verbose node v18.20.5
20 verbose npm  v10.8.2
21 verbose exit 1
22 verbose code 1
23 error A complete log of this run can be found in: /home/ec2-user/.npm/_logs/2025-06-10T06_14_56_200Z-debug-0.log
