0 verbose cli /home/ec2-user/.nvm/versions/node/v18.20.5/bin/node /home/ec2-user/.nvm/versions/node/v18.20.5/bin/npm
1 info using npm@10.8.2
2 info using node@v18.20.5
3 silly config load:file:/home/ec2-user/.nvm/versions/node/v18.20.5/lib/node_modules/npm/npmrc
4 silly config load:file:/home/ec2-user/.cache/typescript/5.7/.npmrc
5 silly config load:file:/home/ec2-user/.npmrc
6 silly config load:file:/home/ec2-user/.nvm/versions/node/v18.20.5/etc/npmrc
7 verbose title npm install @types/react@ts5.7 @types/react-dom@ts5.7
8 verbose argv "install" "--ignore-scripts" "@types/react@ts5.7" "@types/react-dom@ts5.7" "--save-dev" "--user-agent" "typesInstaller/5.7.2"
9 verbose logfile logs-max:10 dir:/home/ec2-user/.npm/_logs/2025-06-10T06_18_02_645Z-
10 verbose logfile /home/ec2-user/.npm/_logs/2025-06-10T06_18_02_645Z-debug-0.log
11 silly packumentCache heap:510394368 maxSize:127598592 maxEntrySize:63799296
12 silly logfile start cleaning logs, removing 1 files
13 silly logfile done cleaning log files
14 silly packumentCache corgi:https://registry.npmjs.org/@types%2freact cache-miss
15 silly packumentCache corgi:https://registry.npmjs.org/@types%2freact-dom cache-miss
16 http fetch GET 200 https://registry.npmjs.org/@types%2freact-dom 394ms (cache miss)
17 silly packumentCache corgi:https://registry.npmjs.org/@types%2freact-dom set size:undefined disposed:false
18 http fetch GET 200 https://registry.npmjs.org/@types%2freact 434ms (cache miss)
19 silly packumentCache corgi:https://registry.npmjs.org/@types%2freact set size:undefined disposed:false
20 silly idealTree buildDeps
21 silly fetch manifest @types/react-dom@19.1.6
22 silly packumentCache full:https://registry.npmjs.org/@types%2freact-dom cache-miss
23 http fetch GET 200 https://registry.npmjs.org/@types%2freact-dom 118ms (cache updated)
24 silly packumentCache full:https://registry.npmjs.org/@types%2freact-dom set size:undefined disposed:false
25 silly fetch manifest @types/react@19.1.7
26 silly packumentCache full:https://registry.npmjs.org/@types%2freact cache-miss
27 http fetch GET 200 https://registry.npmjs.org/@types%2freact 211ms (cache updated)
28 silly packumentCache full:https://registry.npmjs.org/@types%2freact set size:undefined disposed:false
29 silly placeDep ROOT @types/react@19.1.7 OK for:  want: 19.1.7
30 silly placeDep ROOT @types/react-dom@19.1.6 OK for:  want: 19.1.6
31 silly fetch manifest csstype@^3.0.2
32 silly packumentCache full:https://registry.npmjs.org/csstype cache-miss
33 http fetch GET 200 https://registry.npmjs.org/csstype 291ms (cache revalidated)
34 silly packumentCache full:https://registry.npmjs.org/csstype set size:371760 disposed:false
35 silly placeDep ROOT csstype@3.1.3 OK for: @types/react@19.1.7 want: ^3.0.2
36 silly reify moves {}
37 silly audit bulk request {
37 silly audit   'types-registry': [ '0.1.724' ],
37 silly audit   '@types/react': [ '19.1.7' ],
37 silly audit   '@types/react-dom': [ '19.1.6' ],
37 silly audit   csstype: [ '3.1.3' ]
37 silly audit }
38 silly tarball no local data for @types/react-dom@https://registry.npmjs.org/@types/react-dom/-/react-dom-19.1.6.tgz. Extracting by manifest.
39 silly tarball no local data for @types/react@https://registry.npmjs.org/@types/react/-/react-19.1.7.tgz. Extracting by manifest.
40 http fetch GET 200 https://registry.npmjs.org/@types/react-dom/-/react-dom-19.1.6.tgz 69ms (cache miss)
41 http fetch GET 200 https://registry.npmjs.org/@types/react/-/react-19.1.7.tgz 144ms (cache miss)
42 http fetch POST 200 https://registry.npmjs.org/-/npm/v1/security/advisories/bulk 205ms
43 silly audit report {}
44 silly ADD node_modules/csstype
45 silly ADD node_modules/@types/react-dom
46 silly ADD node_modules/@types/react
47 verbose cwd /home/ec2-user/.cache/typescript/5.7
48 verbose os Linux 6.1.109-118.189.amzn2023.x86_64
49 verbose node v18.20.5
50 verbose npm  v10.8.2
51 verbose exit 0
52 info ok
