0 verbose cli /home/ec2-user/.nvm/versions/node/v18.20.5/bin/node /home/ec2-user/.nvm/versions/node/v18.20.5/bin/npm
1 info using npm@10.8.2
2 info using node@v18.20.5
3 silly config load:file:/home/ec2-user/.nvm/versions/node/v18.20.5/lib/node_modules/npm/npmrc
4 silly config load:file:/home/ec2-user/.npmrc
5 silly config load:file:/home/ec2-user/.nvm/versions/node/v18.20.5/etc/npmrc
6 verbose title npm install pm2
7 verbose argv "install" "--global" "pm2"
8 verbose logfile logs-max:10 dir:/home/ec2-user/.npm/_logs/2025-06-10T07_37_14_561Z-
9 verbose logfile /home/ec2-user/.npm/_logs/2025-06-10T07_37_14_561Z-debug-0.log
10 silly packumentCache heap:510394368 maxSize:127598592 maxEntrySize:63799296
11 silly logfile start cleaning logs, removing 1 files
12 silly logfile done cleaning log files
13 silly idealTree buildDeps
14 silly fetch manifest pm2@*
15 silly packumentCache full:https://registry.npmjs.org/pm2 cache-miss
16 http fetch GET 200 https://registry.npmjs.org/pm2 131ms (cache miss)
17 silly packumentCache full:https://registry.npmjs.org/pm2 set size:undefined disposed:false
18 silly placeDep ROOT pm2@6.0.8 OK for:  want: *
19 silly fetch manifest @pm2/agent@~2.1.1
20 silly packumentCache full:https://registry.npmjs.org/@pm2%2fagent cache-miss
21 http fetch GET 200 https://registry.npmjs.org/@pm2%2fagent 58ms (cache miss)
22 silly packumentCache full:https://registry.npmjs.org/@pm2%2fagent set size:undefined disposed:false
23 silly fetch manifest @pm2/js-api@~0.8.0
24 silly packumentCache full:https://registry.npmjs.org/@pm2%2fjs-api cache-miss
25 http fetch GET 200 https://registry.npmjs.org/@pm2%2fjs-api 43ms (cache miss)
26 silly packumentCache full:https://registry.npmjs.org/@pm2%2fjs-api set size:undefined disposed:false
27 silly fetch manifest @pm2/io@~6.1.0
28 silly packumentCache full:https://registry.npmjs.org/@pm2%2fio cache-miss
29 http fetch GET 200 https://registry.npmjs.org/@pm2%2fio 54ms (cache miss)
30 silly packumentCache full:https://registry.npmjs.org/@pm2%2fio set size:undefined disposed:false
31 silly fetch manifest @pm2/pm2-version-check@latest
32 silly packumentCache full:https://registry.npmjs.org/@pm2%2fpm2-version-check cache-miss
33 http fetch GET 200 https://registry.npmjs.org/@pm2%2fpm2-version-check 51ms (cache miss)
34 silly packumentCache full:https://registry.npmjs.org/@pm2%2fpm2-version-check set size:undefined disposed:false
35 silly fetch manifest ansis@4.0.0-node10
36 silly packumentCache full:https://registry.npmjs.org/ansis cache-miss
37 http fetch GET 200 https://registry.npmjs.org/ansis 32ms (cache miss)
38 silly packumentCache full:https://registry.npmjs.org/ansis set size:undefined disposed:false
39 silly fetch manifest async@~3.2.6
40 silly packumentCache full:https://registry.npmjs.org/async cache-miss
41 http fetch GET 200 https://registry.npmjs.org/async 260ms (cache revalidated)
42 silly packumentCache full:https://registry.npmjs.org/async set size:230496 disposed:false
43 silly fetch manifest blessed@0.1.81
44 silly packumentCache full:https://registry.npmjs.org/blessed cache-miss
45 http fetch GET 200 https://registry.npmjs.org/blessed 27ms (cache miss)
46 silly packumentCache full:https://registry.npmjs.org/blessed set size:undefined disposed:false
47 silly fetch manifest chokidar@^3.5.3
48 silly packumentCache full:https://registry.npmjs.org/chokidar cache-miss
49 http fetch GET 200 https://registry.npmjs.org/chokidar 40ms (cache revalidated)
50 silly packumentCache full:https://registry.npmjs.org/chokidar set size:253451 disposed:false
51 silly fetch manifest cli-tableau@^2.0.0
52 silly packumentCache full:https://registry.npmjs.org/cli-tableau cache-miss
53 http fetch GET 200 https://registry.npmjs.org/cli-tableau 28ms (cache miss)
54 silly packumentCache full:https://registry.npmjs.org/cli-tableau set size:undefined disposed:false
55 silly fetch manifest commander@2.15.1
56 silly packumentCache full:https://registry.npmjs.org/commander cache-miss
57 http fetch GET 200 https://registry.npmjs.org/commander 40ms (cache updated)
58 silly packumentCache full:https://registry.npmjs.org/commander set size:undefined disposed:false
59 silly fetch manifest croner@~4.1.92
60 silly packumentCache full:https://registry.npmjs.org/croner cache-miss
61 http fetch GET 200 https://registry.npmjs.org/croner 35ms (cache miss)
62 silly packumentCache full:https://registry.npmjs.org/croner set size:undefined disposed:false
63 silly fetch manifest dayjs@~1.11.13
64 silly packumentCache full:https://registry.npmjs.org/dayjs cache-miss
65 http fetch GET 200 https://registry.npmjs.org/dayjs 54ms (cache miss)
66 silly packumentCache full:https://registry.npmjs.org/dayjs set size:undefined disposed:false
67 silly fetch manifest debug@^4.3.7
68 silly packumentCache full:https://registry.npmjs.org/debug cache-miss
69 http fetch GET 200 https://registry.npmjs.org/debug 36ms (cache updated)
70 silly packumentCache full:https://registry.npmjs.org/debug set size:undefined disposed:false
71 silly fetch manifest enquirer@2.3.6
72 silly packumentCache full:https://registry.npmjs.org/enquirer cache-miss
73 http fetch GET 200 https://registry.npmjs.org/enquirer 22ms (cache miss)
74 silly packumentCache full:https://registry.npmjs.org/enquirer set size:undefined disposed:false
75 silly fetch manifest eventemitter2@5.0.1
76 silly packumentCache full:https://registry.npmjs.org/eventemitter2 cache-miss
77 http fetch GET 200 https://registry.npmjs.org/eventemitter2 25ms (cache miss)
78 silly packumentCache full:https://registry.npmjs.org/eventemitter2 set size:undefined disposed:false
79 silly fetch manifest fclone@1.0.11
80 silly packumentCache full:https://registry.npmjs.org/fclone cache-miss
81 http fetch GET 200 https://registry.npmjs.org/fclone 23ms (cache miss)
82 silly packumentCache full:https://registry.npmjs.org/fclone set size:undefined disposed:false
83 silly fetch manifest mkdirp@1.0.4
84 silly packumentCache full:https://registry.npmjs.org/mkdirp cache-miss
85 http fetch GET 200 https://registry.npmjs.org/mkdirp 38ms (cache revalidated)
86 silly packumentCache full:https://registry.npmjs.org/mkdirp set size:116455 disposed:false
87 silly fetch manifest needle@2.4.0
88 silly packumentCache full:https://registry.npmjs.org/needle cache-miss
89 http fetch GET 200 https://registry.npmjs.org/needle 31ms (cache miss)
90 silly packumentCache full:https://registry.npmjs.org/needle set size:undefined disposed:false
91 silly fetch manifest pidusage@~3.0
92 silly packumentCache full:https://registry.npmjs.org/pidusage cache-miss
93 http fetch GET 200 https://registry.npmjs.org/pidusage 27ms (cache miss)
94 silly packumentCache full:https://registry.npmjs.org/pidusage set size:undefined disposed:false
95 silly fetch manifest pm2-axon@~4.0.1
96 silly packumentCache full:https://registry.npmjs.org/pm2-axon cache-miss
97 http fetch GET 200 https://registry.npmjs.org/pm2-axon 30ms (cache miss)
98 silly packumentCache full:https://registry.npmjs.org/pm2-axon set size:undefined disposed:false
99 silly fetch manifest pm2-axon-rpc@~0.7.1
100 silly packumentCache full:https://registry.npmjs.org/pm2-axon-rpc cache-miss
101 http fetch GET 200 https://registry.npmjs.org/pm2-axon-rpc 32ms (cache miss)
102 silly packumentCache full:https://registry.npmjs.org/pm2-axon-rpc set size:undefined disposed:false
103 silly fetch manifest pm2-deploy@~1.0.2
104 silly packumentCache full:https://registry.npmjs.org/pm2-deploy cache-miss
105 http fetch GET 200 https://registry.npmjs.org/pm2-deploy 25ms (cache miss)
106 silly packumentCache full:https://registry.npmjs.org/pm2-deploy set size:undefined disposed:false
107 silly fetch manifest pm2-multimeter@^0.1.2
108 silly packumentCache full:https://registry.npmjs.org/pm2-multimeter cache-miss
109 http fetch GET 200 https://registry.npmjs.org/pm2-multimeter 27ms (cache miss)
110 silly packumentCache full:https://registry.npmjs.org/pm2-multimeter set size:undefined disposed:false
111 silly fetch manifest promptly@^2
112 silly packumentCache full:https://registry.npmjs.org/promptly cache-miss
113 http fetch GET 200 https://registry.npmjs.org/promptly 24ms (cache miss)
114 silly packumentCache full:https://registry.npmjs.org/promptly set size:undefined disposed:false
115 silly fetch manifest semver@^7.6.2
116 silly packumentCache full:https://registry.npmjs.org/semver cache-miss
117 http fetch GET 200 https://registry.npmjs.org/semver 33ms (cache updated)
118 silly packumentCache full:https://registry.npmjs.org/semver set size:undefined disposed:false
119 silly fetch manifest source-map-support@0.5.21
120 silly packumentCache full:https://registry.npmjs.org/source-map-support cache-miss
121 http fetch GET 200 https://registry.npmjs.org/source-map-support 26ms (cache revalidated)
122 silly packumentCache full:https://registry.npmjs.org/source-map-support set size:125488 disposed:false
123 silly fetch manifest sprintf-js@1.1.2
124 silly packumentCache full:https://registry.npmjs.org/sprintf-js cache-miss
125 http fetch GET 200 https://registry.npmjs.org/sprintf-js 43ms (cache revalidated)
126 silly packumentCache full:https://registry.npmjs.org/sprintf-js set size:20495 disposed:false
127 silly fetch manifest vizion@~2.2.1
128 silly packumentCache full:https://registry.npmjs.org/vizion cache-miss
129 http fetch GET 200 https://registry.npmjs.org/vizion 25ms (cache miss)
130 silly packumentCache full:https://registry.npmjs.org/vizion set size:undefined disposed:false
131 silly fetch manifest js-yaml@~4.1.0
132 silly packumentCache full:https://registry.npmjs.org/js-yaml cache-miss
133 http fetch GET 200 https://registry.npmjs.org/js-yaml 32ms (cache revalidated)
134 silly packumentCache full:https://registry.npmjs.org/js-yaml set size:145975 disposed:false
135 silly fetch manifest pm2-sysmonit@^1.2.8
136 silly packumentCache full:https://registry.npmjs.org/pm2-sysmonit cache-miss
137 http fetch GET 200 https://registry.npmjs.org/pm2-sysmonit 23ms (cache miss)
138 silly packumentCache full:https://registry.npmjs.org/pm2-sysmonit set size:undefined disposed:false
139 silly placeDep node_modules/pm2 @pm2/agent@2.1.1 OK for: pm2@6.0.8 want: ~2.1.1
140 silly placeDep node_modules/pm2 @pm2/io@6.1.0 OK for: pm2@6.0.8 want: ~6.1.0
141 silly placeDep node_modules/pm2 @pm2/js-api@0.8.0 OK for: pm2@6.0.8 want: ~0.8.0
142 silly placeDep node_modules/pm2 @pm2/pm2-version-check@1.0.4 OK for: pm2@6.0.8 want: latest
143 silly placeDep node_modules/pm2 ansis@4.0.0-node10 OK for: pm2@6.0.8 want: 4.0.0-node10
144 silly placeDep node_modules/pm2 async@3.2.6 OK for: pm2@6.0.8 want: ~3.2.6
145 silly placeDep node_modules/pm2 blessed@0.1.81 OK for: pm2@6.0.8 want: 0.1.81
146 silly placeDep node_modules/pm2 chokidar@3.6.0 OK for: pm2@6.0.8 want: ^3.5.3
147 silly placeDep node_modules/pm2 cli-tableau@2.0.1 OK for: pm2@6.0.8 want: ^2.0.0
148 silly placeDep node_modules/pm2 commander@2.15.1 OK for: pm2@6.0.8 want: 2.15.1
149 silly placeDep node_modules/pm2 croner@4.1.97 OK for: pm2@6.0.8 want: ~4.1.92
150 silly placeDep node_modules/pm2 dayjs@1.11.13 OK for: pm2@6.0.8 want: ~1.11.13
151 silly placeDep node_modules/pm2 debug@4.4.1 OK for: pm2@6.0.8 want: ^4.3.7
152 silly placeDep node_modules/pm2 enquirer@2.3.6 OK for: pm2@6.0.8 want: 2.3.6
153 silly placeDep node_modules/pm2 eventemitter2@5.0.1 OK for: pm2@6.0.8 want: 5.0.1
154 silly placeDep node_modules/pm2 fclone@1.0.11 OK for: pm2@6.0.8 want: 1.0.11
155 silly placeDep node_modules/pm2 js-yaml@4.1.0 OK for: pm2@6.0.8 want: ~4.1.0
156 silly placeDep node_modules/pm2 mkdirp@1.0.4 OK for: pm2@6.0.8 want: 1.0.4
157 silly placeDep node_modules/pm2 needle@2.4.0 OK for: pm2@6.0.8 want: 2.4.0
158 silly placeDep node_modules/pm2 pidusage@3.0.2 OK for: pm2@6.0.8 want: ~3.0
159 silly placeDep node_modules/pm2 pm2-axon@4.0.1 OK for: pm2@6.0.8 want: ~4.0.1
160 silly placeDep node_modules/pm2 pm2-axon-rpc@0.7.1 OK for: pm2@6.0.8 want: ~0.7.1
161 silly placeDep node_modules/pm2 pm2-deploy@1.0.2 OK for: pm2@6.0.8 want: ~1.0.2
162 silly placeDep node_modules/pm2 pm2-multimeter@0.1.2 OK for: pm2@6.0.8 want: ^0.1.2
163 silly placeDep node_modules/pm2 pm2-sysmonit@1.2.8 OK for: pm2@6.0.8 want: ^1.2.8
164 silly placeDep node_modules/pm2 promptly@2.2.0 OK for: pm2@6.0.8 want: ^2
165 silly placeDep node_modules/pm2 semver@7.7.2 OK for: pm2@6.0.8 want: ^7.6.2
166 silly placeDep node_modules/pm2 source-map-support@0.5.21 OK for: pm2@6.0.8 want: 0.5.21
167 silly placeDep node_modules/pm2 sprintf-js@1.1.2 OK for: pm2@6.0.8 want: 1.1.2
168 silly placeDep node_modules/pm2 vizion@2.2.1 OK for: pm2@6.0.8 want: ~2.2.1
169 silly fetch manifest async@~3.2.0
170 silly packumentCache full:https://registry.npmjs.org/async cache-hit
171 silly fetch manifest chalk@~3.0.0
172 silly packumentCache full:https://registry.npmjs.org/chalk cache-miss
173 http fetch GET 200 https://registry.npmjs.org/chalk 28ms (cache revalidated)
174 silly packumentCache full:https://registry.npmjs.org/chalk set size:122561 disposed:false
175 silly fetch manifest dayjs@~1.8.24
176 silly packumentCache full:https://registry.npmjs.org/dayjs cache-miss
177 http fetch GET 200 https://registry.npmjs.org/dayjs 5ms (cache hit)
178 silly packumentCache full:https://registry.npmjs.org/dayjs set size:463160 disposed:false
179 silly fetch manifest debug@~4.3.1
180 silly packumentCache full:https://registry.npmjs.org/debug cache-miss
181 http fetch GET 200 https://registry.npmjs.org/debug 3ms (cache hit)
182 silly packumentCache full:https://registry.npmjs.org/debug set size:193521 disposed:false
183 silly fetch manifest eventemitter2@~5.0.1
184 silly packumentCache full:https://registry.npmjs.org/eventemitter2 cache-miss
185 http fetch GET 200 https://registry.npmjs.org/eventemitter2 7ms (cache hit)
186 silly packumentCache full:https://registry.npmjs.org/eventemitter2 set size:172525 disposed:false
187 silly fetch manifest fast-json-patch@^3.1.0
188 silly packumentCache full:https://registry.npmjs.org/fast-json-patch cache-miss
189 http fetch GET 200 https://registry.npmjs.org/fast-json-patch 26ms (cache miss)
190 silly packumentCache full:https://registry.npmjs.org/fast-json-patch set size:undefined disposed:false
191 silly fetch manifest fclone@~1.0.11
192 silly packumentCache full:https://registry.npmjs.org/fclone cache-miss
193 http fetch GET 200 https://registry.npmjs.org/fclone 2ms (cache hit)
194 silly packumentCache full:https://registry.npmjs.org/fclone set size:19653 disposed:false
195 silly fetch manifest pm2-axon-rpc@~0.7.0
196 silly packumentCache full:https://registry.npmjs.org/pm2-axon-rpc cache-miss
197 http fetch GET 200 https://registry.npmjs.org/pm2-axon-rpc 2ms (cache hit)
198 silly packumentCache full:https://registry.npmjs.org/pm2-axon-rpc set size:41743 disposed:false
199 silly fetch manifest proxy-agent@~6.4.0
200 silly packumentCache full:https://registry.npmjs.org/proxy-agent cache-miss
201 http fetch GET 200 https://registry.npmjs.org/proxy-agent 24ms (cache miss)
202 silly packumentCache full:https://registry.npmjs.org/proxy-agent set size:undefined disposed:false
203 silly fetch manifest semver@~7.5.0
204 silly packumentCache full:https://registry.npmjs.org/semver cache-miss
205 http fetch GET 200 https://registry.npmjs.org/semver 38ms (cache hit)
206 silly packumentCache full:https://registry.npmjs.org/semver set size:224186 disposed:false
207 silly fetch manifest ws@~7.5.10
208 silly packumentCache full:https://registry.npmjs.org/ws cache-miss
209 http fetch GET 200 https://registry.npmjs.org/ws 28ms (cache updated)
210 silly packumentCache full:https://registry.npmjs.org/ws set size:undefined disposed:false
211 silly fetch manifest async@~2.6.1
212 silly packumentCache full:https://registry.npmjs.org/async cache-hit
213 silly fetch manifest eventemitter2@^6.3.1
214 silly packumentCache full:https://registry.npmjs.org/eventemitter2 cache-hit
215 silly fetch manifest require-in-the-middle@^5.0.0
216 silly packumentCache full:https://registry.npmjs.org/require-in-the-middle cache-miss
217 http fetch GET 200 https://registry.npmjs.org/require-in-the-middle 62ms (cache miss)
218 silly packumentCache full:https://registry.npmjs.org/require-in-the-middle set size:undefined disposed:false
219 silly fetch manifest semver@~7.5.4
220 silly packumentCache full:https://registry.npmjs.org/semver cache-hit
221 silly fetch manifest shimmer@^1.2.0
222 silly packumentCache full:https://registry.npmjs.org/shimmer cache-miss
223 http fetch GET 200 https://registry.npmjs.org/shimmer 72ms (cache miss)
224 silly packumentCache full:https://registry.npmjs.org/shimmer set size:undefined disposed:false
225 silly fetch manifest signal-exit@^3.0.3
226 silly packumentCache full:https://registry.npmjs.org/signal-exit cache-miss
227 http fetch GET 200 https://registry.npmjs.org/signal-exit 36ms (cache revalidated)
228 silly packumentCache full:https://registry.npmjs.org/signal-exit set size:53489 disposed:false
229 silly fetch manifest tslib@1.9.3
230 silly packumentCache full:https://registry.npmjs.org/tslib cache-miss
231 http fetch GET 200 https://registry.npmjs.org/tslib 32ms (cache updated)
232 silly packumentCache full:https://registry.npmjs.org/tslib set size:undefined disposed:false
233 silly fetch manifest async@^2.6.3
234 silly packumentCache full:https://registry.npmjs.org/async cache-hit
235 silly fetch manifest extrareqp2@^1.0.0
236 silly packumentCache full:https://registry.npmjs.org/extrareqp2 cache-miss
237 http fetch GET 200 https://registry.npmjs.org/extrareqp2 22ms (cache miss)
238 silly packumentCache full:https://registry.npmjs.org/extrareqp2 set size:undefined disposed:false
239 silly fetch manifest ws@^7.0.0
240 silly packumentCache full:https://registry.npmjs.org/ws cache-miss
241 http fetch GET 200 https://registry.npmjs.org/ws 14ms (cache hit)
242 silly packumentCache full:https://registry.npmjs.org/ws set size:408408 disposed:false
243 silly fetch manifest debug@^4.3.1
244 silly packumentCache full:https://registry.npmjs.org/debug cache-hit
245 silly fetch manifest braces@~3.0.2
246 silly packumentCache full:https://registry.npmjs.org/braces cache-miss
247 http fetch GET 200 https://registry.npmjs.org/braces 30ms (cache revalidated)
248 silly packumentCache full:https://registry.npmjs.org/braces set size:114529 disposed:false
249 silly fetch manifest is-glob@~4.0.1
250 silly packumentCache full:https://registry.npmjs.org/is-glob cache-miss
251 http fetch GET 200 https://registry.npmjs.org/is-glob 25ms (cache revalidated)
252 silly packumentCache full:https://registry.npmjs.org/is-glob set size:40530 disposed:false
253 silly fetch manifest anymatch@~3.1.2
254 silly packumentCache full:https://registry.npmjs.org/anymatch cache-miss
255 http fetch GET 200 https://registry.npmjs.org/anymatch 35ms (cache revalidated)
256 silly packumentCache full:https://registry.npmjs.org/anymatch set size:42974 disposed:false
257 silly fetch manifest readdirp@~3.6.0
258 silly packumentCache full:https://registry.npmjs.org/readdirp cache-miss
259 http fetch GET 200 https://registry.npmjs.org/readdirp 30ms (cache updated)
260 silly packumentCache full:https://registry.npmjs.org/readdirp set size:undefined disposed:false
261 silly fetch manifest glob-parent@~5.1.2
262 silly packumentCache full:https://registry.npmjs.org/glob-parent cache-miss
263 http fetch GET 200 https://registry.npmjs.org/glob-parent 63ms (cache revalidated)
264 silly packumentCache full:https://registry.npmjs.org/glob-parent set size:42445 disposed:false
265 silly fetch manifest is-binary-path@~2.1.0
266 silly packumentCache full:https://registry.npmjs.org/is-binary-path cache-miss
267 http fetch GET 200 https://registry.npmjs.org/is-binary-path 25ms (cache revalidated)
268 silly packumentCache full:https://registry.npmjs.org/is-binary-path set size:13475 disposed:false
269 silly fetch manifest normalize-path@~3.0.0
270 silly packumentCache full:https://registry.npmjs.org/normalize-path cache-miss
271 http fetch GET 200 https://registry.npmjs.org/normalize-path 27ms (cache revalidated)
272 silly packumentCache full:https://registry.npmjs.org/normalize-path set size:28713 disposed:false
273 silly fetch manifest fsevents@~2.3.2
274 silly packumentCache full:https://registry.npmjs.org/fsevents cache-miss
275 http fetch GET 200 https://registry.npmjs.org/fsevents 39ms (cache revalidated)
276 silly packumentCache full:https://registry.npmjs.org/fsevents set size:182472 disposed:false
277 silly fetch manifest chalk@3.0.0
278 silly packumentCache full:https://registry.npmjs.org/chalk cache-hit
279 silly fetch manifest ms@^2.1.3
280 silly packumentCache full:https://registry.npmjs.org/ms cache-miss
281 http fetch GET 200 https://registry.npmjs.org/ms 33ms (cache updated)
282 silly packumentCache full:https://registry.npmjs.org/ms set size:undefined disposed:false
283 silly fetch manifest ansi-colors@^4.1.1
284 silly packumentCache full:https://registry.npmjs.org/ansi-colors cache-miss
285 http fetch GET 200 https://registry.npmjs.org/ansi-colors 23ms (cache miss)
286 silly packumentCache full:https://registry.npmjs.org/ansi-colors set size:undefined disposed:false
287 silly fetch manifest argparse@^2.0.1
288 silly packumentCache full:https://registry.npmjs.org/argparse cache-miss
289 http fetch GET 200 https://registry.npmjs.org/argparse 23ms (cache revalidated)
290 silly packumentCache full:https://registry.npmjs.org/argparse set size:49266 disposed:false
291 silly fetch manifest debug@^3.2.6
292 silly packumentCache full:https://registry.npmjs.org/debug cache-hit
293 silly fetch manifest iconv-lite@^0.4.4
294 silly packumentCache full:https://registry.npmjs.org/iconv-lite cache-miss
295 http fetch GET 200 https://registry.npmjs.org/iconv-lite 31ms (cache revalidated)
296 silly packumentCache full:https://registry.npmjs.org/iconv-lite set size:115994 disposed:false
297 silly fetch manifest sax@^1.2.4
298 silly packumentCache full:https://registry.npmjs.org/sax cache-miss
299 http fetch GET 200 https://registry.npmjs.org/sax 26ms (cache revalidated)
300 silly packumentCache full:https://registry.npmjs.org/sax set size:82736 disposed:false
301 silly fetch manifest safe-buffer@^5.2.1
302 silly packumentCache full:https://registry.npmjs.org/safe-buffer cache-miss
303 http fetch GET 200 https://registry.npmjs.org/safe-buffer 27ms (cache revalidated)
304 silly packumentCache full:https://registry.npmjs.org/safe-buffer set size:41183 disposed:false
305 silly fetch manifest amp@~0.3.1
306 silly packumentCache full:https://registry.npmjs.org/amp cache-miss
307 http fetch GET 200 https://registry.npmjs.org/amp 19ms (cache miss)
308 silly packumentCache full:https://registry.npmjs.org/amp set size:undefined disposed:false
309 silly fetch manifest amp-message@~0.1.1
310 silly packumentCache full:https://registry.npmjs.org/amp-message cache-miss
311 http fetch GET 200 https://registry.npmjs.org/amp-message 23ms (cache miss)
312 silly packumentCache full:https://registry.npmjs.org/amp-message set size:undefined disposed:false
313 silly fetch manifest escape-string-regexp@^4.0.0
314 silly packumentCache full:https://registry.npmjs.org/escape-string-regexp cache-miss
315 http fetch GET 200 https://registry.npmjs.org/escape-string-regexp 23ms (cache revalidated)
316 silly packumentCache full:https://registry.npmjs.org/escape-string-regexp set size:22244 disposed:false
317 silly fetch manifest run-series@^1.1.8
318 silly packumentCache full:https://registry.npmjs.org/run-series cache-miss
319 http fetch GET 200 https://registry.npmjs.org/run-series 28ms (cache miss)
320 silly packumentCache full:https://registry.npmjs.org/run-series set size:undefined disposed:false
321 silly fetch manifest tv4@^1.3.0
322 silly packumentCache full:https://registry.npmjs.org/tv4 cache-miss
323 http fetch GET 200 https://registry.npmjs.org/tv4 22ms (cache miss)
324 silly packumentCache full:https://registry.npmjs.org/tv4 set size:undefined disposed:false
325 silly fetch manifest charm@~0.1.1
326 silly packumentCache full:https://registry.npmjs.org/charm cache-miss
327 http fetch GET 200 https://registry.npmjs.org/charm 68ms (cache miss)
328 silly packumentCache full:https://registry.npmjs.org/charm set size:undefined disposed:false
329 silly fetch manifest pidusage@^2.0.21
330 silly packumentCache full:https://registry.npmjs.org/pidusage cache-miss
331 http fetch GET 200 https://registry.npmjs.org/pidusage 3ms (cache hit)
332 silly packumentCache full:https://registry.npmjs.org/pidusage set size:111034 disposed:false
333 silly fetch manifest systeminformation@^5.7
334 silly packumentCache full:https://registry.npmjs.org/systeminformation cache-miss
335 http fetch GET 200 https://registry.npmjs.org/systeminformation 47ms (cache miss)
336 silly packumentCache full:https://registry.npmjs.org/systeminformation set size:undefined disposed:false
337 silly fetch manifest tx2@~1.0.4
338 silly packumentCache full:https://registry.npmjs.org/tx2 cache-miss
339 http fetch GET 200 https://registry.npmjs.org/tx2 57ms (cache miss)
340 silly packumentCache full:https://registry.npmjs.org/tx2 set size:undefined disposed:false
341 silly fetch manifest read@^1.0.4
342 silly packumentCache full:https://registry.npmjs.org/read cache-miss
343 http fetch GET 200 https://registry.npmjs.org/read 24ms (cache miss)
344 silly packumentCache full:https://registry.npmjs.org/read set size:undefined disposed:false
345 silly fetch manifest buffer-from@^1.0.0
346 silly packumentCache full:https://registry.npmjs.org/buffer-from cache-miss
347 http fetch GET 200 https://registry.npmjs.org/buffer-from 30ms (cache revalidated)
348 silly packumentCache full:https://registry.npmjs.org/buffer-from set size:15463 disposed:false
349 silly fetch manifest source-map@^0.6.0
350 silly packumentCache full:https://registry.npmjs.org/source-map cache-miss
351 http fetch GET 200 https://registry.npmjs.org/source-map 32ms (cache updated)
352 silly packumentCache full:https://registry.npmjs.org/source-map set size:undefined disposed:false
353 silly fetch manifest git-node-fs@^1.0.0
354 silly packumentCache full:https://registry.npmjs.org/git-node-fs cache-miss
355 http fetch GET 200 https://registry.npmjs.org/git-node-fs 23ms (cache miss)
356 silly packumentCache full:https://registry.npmjs.org/git-node-fs set size:undefined disposed:false
357 silly fetch manifest ini@^1.3.5
358 silly packumentCache full:https://registry.npmjs.org/ini cache-miss
359 http fetch GET 200 https://registry.npmjs.org/ini 26ms (cache updated)
360 silly packumentCache full:https://registry.npmjs.org/ini set size:undefined disposed:false
361 silly fetch manifest js-git@^0.7.8
362 silly packumentCache full:https://registry.npmjs.org/js-git cache-miss
363 http fetch GET 200 https://registry.npmjs.org/js-git 34ms (cache miss)
364 silly packumentCache full:https://registry.npmjs.org/js-git set size:undefined disposed:false
365 silly fetch manifest bufferutil@^4.0.1
366 silly packumentCache full:https://registry.npmjs.org/bufferutil cache-miss
367 http fetch GET 200 https://registry.npmjs.org/bufferutil 24ms (cache updated)
368 silly packumentCache full:https://registry.npmjs.org/bufferutil set size:undefined disposed:false
369 silly fetch manifest utf-8-validate@^5.0.2
370 silly packumentCache full:https://registry.npmjs.org/utf-8-validate cache-miss
371 http fetch GET 200 https://registry.npmjs.org/utf-8-validate 27ms (cache revalidated)
372 silly packumentCache full:https://registry.npmjs.org/utf-8-validate set size:75205 disposed:false
373 silly placeDep node_modules/pm2 chalk@3.0.0 OK for: @pm2/agent@2.1.1 want: ~3.0.0
374 silly placeDep node_modules/pm2/node_modules/@pm2/agent dayjs@1.8.36 OK for: @pm2/agent@2.1.1 want: ~1.8.24
375 silly placeDep node_modules/pm2/node_modules/@pm2/agent debug@4.3.7 OK for: @pm2/agent@2.1.1 want: ~4.3.1
376 silly placeDep node_modules/pm2 fast-json-patch@3.1.1 OK for: @pm2/agent@2.1.1 want: ^3.1.0
377 silly placeDep node_modules/pm2 proxy-agent@6.4.0 OK for: @pm2/agent@2.1.1 want: ~6.4.0
378 silly placeDep node_modules/pm2/node_modules/@pm2/agent semver@7.5.4 OK for: @pm2/agent@2.1.1 want: ~7.5.0
379 silly placeDep node_modules/pm2 ws@7.5.10 OK for: @pm2/agent@2.1.1 want: ~7.5.10
380 silly fetch manifest ansi-styles@^4.1.0
381 silly packumentCache full:https://registry.npmjs.org/ansi-styles cache-miss
382 http fetch GET 200 https://registry.npmjs.org/ansi-styles 24ms (cache revalidated)
383 silly packumentCache full:https://registry.npmjs.org/ansi-styles set size:66356 disposed:false
384 silly fetch manifest supports-color@^7.1.0
385 silly packumentCache full:https://registry.npmjs.org/supports-color cache-miss
386 http fetch GET 200 https://registry.npmjs.org/supports-color 31ms (cache revalidated)
387 silly packumentCache full:https://registry.npmjs.org/supports-color set size:115466 disposed:false
388 silly fetch manifest lru-cache@^7.14.1
389 silly packumentCache full:https://registry.npmjs.org/lru-cache cache-miss
390 http fetch GET 200 https://registry.npmjs.org/lru-cache 29ms (cache updated)
391 silly packumentCache full:https://registry.npmjs.org/lru-cache set size:undefined disposed:false
392 silly fetch manifest agent-base@^7.0.2
393 silly packumentCache full:https://registry.npmjs.org/agent-base cache-miss
394 http fetch GET 200 https://registry.npmjs.org/agent-base 28ms (cache revalidated)
395 silly packumentCache full:https://registry.npmjs.org/agent-base set size:65276 disposed:false
396 silly fetch manifest proxy-from-env@^1.1.0
397 silly packumentCache full:https://registry.npmjs.org/proxy-from-env cache-miss
398 http fetch GET 200 https://registry.npmjs.org/proxy-from-env 25ms (cache revalidated)
399 silly packumentCache full:https://registry.npmjs.org/proxy-from-env set size:15831 disposed:false
400 silly fetch manifest pac-proxy-agent@^7.0.1
401 silly packumentCache full:https://registry.npmjs.org/pac-proxy-agent cache-miss
402 http fetch GET 200 https://registry.npmjs.org/pac-proxy-agent 30ms (cache miss)
403 silly packumentCache full:https://registry.npmjs.org/pac-proxy-agent set size:undefined disposed:false
404 silly fetch manifest http-proxy-agent@^7.0.1
405 silly packumentCache full:https://registry.npmjs.org/http-proxy-agent cache-miss
406 http fetch GET 200 https://registry.npmjs.org/http-proxy-agent 28ms (cache revalidated)
407 silly packumentCache full:https://registry.npmjs.org/http-proxy-agent set size:50096 disposed:false
408 silly fetch manifest https-proxy-agent@^7.0.3
409 silly packumentCache full:https://registry.npmjs.org/https-proxy-agent cache-miss
410 http fetch GET 200 https://registry.npmjs.org/https-proxy-agent 42ms (cache revalidated)
411 silly packumentCache full:https://registry.npmjs.org/https-proxy-agent set size:76222 disposed:false
412 silly fetch manifest socks-proxy-agent@^8.0.2
413 silly packumentCache full:https://registry.npmjs.org/socks-proxy-agent cache-miss
414 http fetch GET 200 https://registry.npmjs.org/socks-proxy-agent 53ms (cache miss)
415 silly packumentCache full:https://registry.npmjs.org/socks-proxy-agent set size:undefined disposed:false
416 silly fetch manifest lru-cache@^6.0.0
417 silly packumentCache full:https://registry.npmjs.org/lru-cache cache-miss
418 http fetch GET 200 https://registry.npmjs.org/lru-cache 4ms (cache hit)
419 silly packumentCache full:https://registry.npmjs.org/lru-cache set size:391063 disposed:false
420 silly placeDep node_modules/pm2/node_modules/@pm2/io async@2.6.4 OK for: @pm2/io@6.1.0 want: ~2.6.1
421 silly placeDep node_modules/pm2/node_modules/@pm2/io debug@4.3.7 OK for: @pm2/io@6.1.0 want: ~4.3.1
422 silly placeDep node_modules/pm2/node_modules/@pm2/io eventemitter2@6.4.9 OK for: @pm2/io@6.1.0 want: ^6.3.1
423 silly placeDep node_modules/pm2 require-in-the-middle@5.2.0 OK for: @pm2/io@6.1.0 want: ^5.0.0
424 silly placeDep node_modules/pm2/node_modules/@pm2/io semver@7.5.4 OK for: @pm2/io@6.1.0 want: ~7.5.4
425 silly placeDep node_modules/pm2 shimmer@1.2.1 OK for: @pm2/io@6.1.0 want: ^1.2.0
426 silly placeDep node_modules/pm2 signal-exit@3.0.7 OK for: @pm2/io@6.1.0 want: ^3.0.3
427 silly placeDep node_modules/pm2 tslib@1.9.3 OK for: @pm2/io@6.1.0 want: 1.9.3
428 silly fetch manifest lodash@^4.17.14
429 silly packumentCache full:https://registry.npmjs.org/lodash cache-miss
430 http fetch GET 200 https://registry.npmjs.org/lodash 30ms (cache updated)
431 silly packumentCache full:https://registry.npmjs.org/lodash set size:undefined disposed:false
432 silly fetch manifest resolve@^1.22.1
433 silly packumentCache full:https://registry.npmjs.org/resolve cache-miss
434 http fetch GET 200 https://registry.npmjs.org/resolve 28ms (cache revalidated)
435 silly packumentCache full:https://registry.npmjs.org/resolve set size:243806 disposed:false
436 silly fetch manifest module-details-from-path@^1.0.3
437 silly packumentCache full:https://registry.npmjs.org/module-details-from-path cache-miss
438 http fetch GET 200 https://registry.npmjs.org/module-details-from-path 23ms (cache miss)
439 silly packumentCache full:https://registry.npmjs.org/module-details-from-path set size:undefined disposed:false
440 silly placeDep node_modules/pm2/node_modules/@pm2/js-api async@2.6.4 OK for: @pm2/js-api@0.8.0 want: ^2.6.3
441 silly placeDep node_modules/pm2/node_modules/@pm2/js-api debug@4.3.7 OK for: @pm2/js-api@0.8.0 want: ~4.3.1
442 silly placeDep node_modules/pm2/node_modules/@pm2/js-api eventemitter2@6.4.9 OK for: @pm2/js-api@0.8.0 want: ^6.3.1
443 silly placeDep node_modules/pm2 extrareqp2@1.0.0 OK for: @pm2/js-api@0.8.0 want: ^1.0.0
444 silly fetch manifest follow-redirects@^1.14.0
445 silly packumentCache full:https://registry.npmjs.org/follow-redirects cache-miss
446 http fetch GET 200 https://registry.npmjs.org/follow-redirects 32ms (cache revalidated)
447 silly packumentCache full:https://registry.npmjs.org/follow-redirects set size:182478 disposed:false
448 silly placeDep node_modules/pm2 ansi-styles@4.3.0 OK for: chalk@3.0.0 want: ^4.1.0
449 silly placeDep node_modules/pm2 supports-color@7.2.0 OK for: chalk@3.0.0 want: ^7.1.0
450 silly fetch manifest color-convert@^2.0.1
451 silly packumentCache full:https://registry.npmjs.org/color-convert cache-miss
452 http fetch GET 200 https://registry.npmjs.org/color-convert 36ms (cache updated)
453 silly packumentCache full:https://registry.npmjs.org/color-convert set size:undefined disposed:false
454 silly fetch manifest has-flag@^4.0.0
455 silly packumentCache full:https://registry.npmjs.org/has-flag cache-miss
456 http fetch GET 200 https://registry.npmjs.org/has-flag 26ms (cache revalidated)
457 silly packumentCache full:https://registry.npmjs.org/has-flag set size:15180 disposed:false
458 silly placeDep node_modules/pm2 color-convert@2.0.1 OK for: ansi-styles@4.3.0 want: ^2.0.1
459 silly fetch manifest color-name@~1.1.4
460 silly packumentCache full:https://registry.npmjs.org/color-name cache-miss
461 http fetch GET 200 https://registry.npmjs.org/color-name 25ms (cache revalidated)
462 silly packumentCache full:https://registry.npmjs.org/color-name set size:16325 disposed:false
463 silly placeDep node_modules/pm2 anymatch@3.1.3 OK for: chokidar@3.6.0 want: ~3.1.2
464 silly placeDep node_modules/pm2 braces@3.0.3 OK for: chokidar@3.6.0 want: ~3.0.2
465 silly placeDep node_modules/pm2 fsevents@2.3.3 OK for: chokidar@3.6.0 want: ~2.3.2
466 silly placeDep node_modules/pm2 glob-parent@5.1.2 OK for: chokidar@3.6.0 want: ~5.1.2
467 silly placeDep node_modules/pm2 is-binary-path@2.1.0 OK for: chokidar@3.6.0 want: ~2.1.0
468 silly placeDep node_modules/pm2 is-glob@4.0.3 OK for: chokidar@3.6.0 want: ~4.0.1
469 silly placeDep node_modules/pm2 normalize-path@3.0.0 OK for: chokidar@3.6.0 want: ~3.0.0
470 silly placeDep node_modules/pm2 readdirp@3.6.0 OK for: chokidar@3.6.0 want: ~3.6.0
471 silly fetch manifest picomatch@^2.0.4
472 silly packumentCache full:https://registry.npmjs.org/picomatch cache-miss
473 http fetch GET 200 https://registry.npmjs.org/picomatch 33ms (cache revalidated)
474 silly packumentCache full:https://registry.npmjs.org/picomatch set size:116191 disposed:false
475 silly fetch manifest normalize-path@^3.0.0
476 silly packumentCache full:https://registry.npmjs.org/normalize-path cache-hit
477 silly fetch manifest fill-range@^7.1.1
478 silly packumentCache full:https://registry.npmjs.org/fill-range cache-miss
479 http fetch GET 200 https://registry.npmjs.org/fill-range 25ms (cache revalidated)
480 silly packumentCache full:https://registry.npmjs.org/fill-range set size:90212 disposed:false
481 silly fetch manifest is-glob@^4.0.1
482 silly packumentCache full:https://registry.npmjs.org/is-glob cache-hit
483 silly fetch manifest binary-extensions@^2.0.0
484 silly packumentCache full:https://registry.npmjs.org/binary-extensions cache-miss
485 http fetch GET 200 https://registry.npmjs.org/binary-extensions 28ms (cache updated)
486 silly packumentCache full:https://registry.npmjs.org/binary-extensions set size:undefined disposed:false
487 silly fetch manifest is-extglob@^2.1.1
488 silly packumentCache full:https://registry.npmjs.org/is-extglob cache-miss
489 http fetch GET 200 https://registry.npmjs.org/is-extglob 32ms (cache revalidated)
490 silly packumentCache full:https://registry.npmjs.org/is-extglob set size:11766 disposed:false
491 silly fetch manifest picomatch@^2.2.1
492 silly packumentCache full:https://registry.npmjs.org/picomatch cache-hit
493 silly placeDep node_modules/pm2 picomatch@2.3.1 OK for: anymatch@3.1.3 want: ^2.0.4
494 silly placeDep node_modules/pm2 fill-range@7.1.1 OK for: braces@3.0.3 want: ^7.1.1
495 silly fetch manifest to-regex-range@^5.0.1
496 silly packumentCache full:https://registry.npmjs.org/to-regex-range cache-miss
497 http fetch GET 200 https://registry.npmjs.org/to-regex-range 72ms (cache revalidated)
498 silly packumentCache full:https://registry.npmjs.org/to-regex-range set size:61569 disposed:false
499 silly placeDep node_modules/pm2 color-name@1.1.4 OK for: color-convert@2.0.1 want: ~1.1.4
500 silly placeDep node_modules/pm2 ms@2.1.3 OK for: debug@4.4.1 want: ^2.1.3
501 silly placeDep node_modules/pm2 ansi-colors@4.1.3 OK for: enquirer@2.3.6 want: ^4.1.1
502 silly placeDep node_modules/pm2 follow-redirects@1.15.9 OK for: extrareqp2@1.0.0 want: ^1.14.0
503 silly placeDep node_modules/pm2 to-regex-range@5.0.1 OK for: fill-range@7.1.1 want: ^5.0.1
504 silly fetch manifest is-number@^7.0.0
505 silly packumentCache full:https://registry.npmjs.org/is-number cache-miss
506 http fetch GET 200 https://registry.npmjs.org/is-number 24ms (cache revalidated)
507 silly packumentCache full:https://registry.npmjs.org/is-number set size:36183 disposed:false
508 silly placeDep node_modules/pm2 binary-extensions@2.3.0 OK for: is-binary-path@2.1.0 want: ^2.0.0
509 silly placeDep node_modules/pm2 is-extglob@2.1.1 OK for: is-glob@4.0.3 want: ^2.1.1
510 silly placeDep node_modules/pm2 argparse@2.0.1 OK for: js-yaml@4.1.0 want: ^2.0.1
511 silly placeDep node_modules/pm2/node_modules/needle debug@3.2.7 OK for: needle@2.4.0 want: ^3.2.6
512 silly placeDep node_modules/pm2 iconv-lite@0.4.24 OK for: needle@2.4.0 want: ^0.4.4
513 silly placeDep node_modules/pm2 sax@1.4.1 OK for: needle@2.4.0 want: ^1.2.4
514 silly fetch manifest safer-buffer@>= 2.1.2 < 3
515 silly packumentCache full:https://registry.npmjs.org/safer-buffer cache-miss
516 http fetch GET 200 https://registry.npmjs.org/safer-buffer 27ms (cache revalidated)
517 silly packumentCache full:https://registry.npmjs.org/safer-buffer set size:18521 disposed:false
518 silly placeDep node_modules/pm2 safer-buffer@2.1.2 OK for: iconv-lite@0.4.24 want: >= 2.1.2 < 3
519 silly placeDep node_modules/pm2 safe-buffer@5.2.1 OK for: pidusage@3.0.2 want: ^5.2.1
520 silly placeDep node_modules/pm2 amp@0.3.1 OK for: pm2-axon@4.0.1 want: ~0.3.1
521 silly placeDep node_modules/pm2 amp-message@0.1.2 OK for: pm2-axon@4.0.1 want: ~0.1.1
522 silly placeDep node_modules/pm2 escape-string-regexp@4.0.0 OK for: pm2-axon@4.0.1 want: ^4.0.0
523 silly placeDep node_modules/pm2 run-series@1.1.9 OK for: pm2-deploy@1.0.2 want: ^1.1.8
524 silly placeDep node_modules/pm2 tv4@1.3.0 OK for: pm2-deploy@1.0.2 want: ^1.3.0
525 silly placeDep node_modules/pm2 charm@0.1.2 OK for: pm2-multimeter@0.1.2 want: ~0.1.1
526 silly placeDep node_modules/pm2/node_modules/pm2-sysmonit pidusage@2.0.21 OK for: pm2-sysmonit@1.2.8 want: ^2.0.21
527 silly placeDep node_modules/pm2 systeminformation@5.27.1 OK for: pm2-sysmonit@1.2.8 want: ^5.7
528 silly placeDep node_modules/pm2 tx2@1.0.5 OK for: pm2-sysmonit@1.2.8 want: ~1.0.4
529 silly fetch manifest json-stringify-safe@^5.0.1
530 silly packumentCache full:https://registry.npmjs.org/json-stringify-safe cache-miss
531 http fetch GET 200 https://registry.npmjs.org/json-stringify-safe 23ms (cache miss)
532 silly packumentCache full:https://registry.npmjs.org/json-stringify-safe set size:undefined disposed:false
533 silly placeDep node_modules/pm2 read@1.0.7 OK for: promptly@2.2.0 want: ^1.0.4
534 silly fetch manifest mute-stream@~0.0.4
535 silly packumentCache full:https://registry.npmjs.org/mute-stream cache-miss
536 http fetch GET 200 https://registry.npmjs.org/mute-stream 28ms (cache miss)
537 silly packumentCache full:https://registry.npmjs.org/mute-stream set size:undefined disposed:false
538 silly placeDep node_modules/pm2 agent-base@7.1.3 OK for: proxy-agent@6.4.0 want: ^7.0.2
539 silly placeDep node_modules/pm2 http-proxy-agent@7.0.2 OK for: proxy-agent@6.4.0 want: ^7.0.1
540 silly placeDep node_modules/pm2 https-proxy-agent@7.0.6 OK for: proxy-agent@6.4.0 want: ^7.0.3
541 silly placeDep node_modules/pm2 lru-cache@7.18.3 OK for: proxy-agent@6.4.0 want: ^7.14.1
542 silly placeDep node_modules/pm2 pac-proxy-agent@7.2.0 OK for: proxy-agent@6.4.0 want: ^7.0.1
543 silly placeDep node_modules/pm2 proxy-from-env@1.1.0 OK for: proxy-agent@6.4.0 want: ^1.1.0
544 silly placeDep node_modules/pm2 socks-proxy-agent@8.0.5 OK for: proxy-agent@6.4.0 want: ^8.0.2
545 silly fetch manifest @tootallnate/quickjs-emscripten@^0.23.0
546 silly packumentCache full:https://registry.npmjs.org/@tootallnate%2fquickjs-emscripten cache-miss
547 http fetch GET 200 https://registry.npmjs.org/@tootallnate%2fquickjs-emscripten 42ms (cache miss)
548 silly packumentCache full:https://registry.npmjs.org/@tootallnate%2fquickjs-emscripten set size:undefined disposed:false
549 silly fetch manifest get-uri@^6.0.1
550 silly packumentCache full:https://registry.npmjs.org/get-uri cache-miss
551 http fetch GET 200 https://registry.npmjs.org/get-uri 33ms (cache miss)
552 silly packumentCache full:https://registry.npmjs.org/get-uri set size:undefined disposed:false
553 silly fetch manifest pac-resolver@^7.0.1
554 silly packumentCache full:https://registry.npmjs.org/pac-resolver cache-miss
555 http fetch GET 200 https://registry.npmjs.org/pac-resolver 26ms (cache miss)
556 silly packumentCache full:https://registry.npmjs.org/pac-resolver set size:undefined disposed:false
557 silly fetch manifest socks-proxy-agent@^8.0.5
558 silly packumentCache full:https://registry.npmjs.org/socks-proxy-agent cache-miss
559 http fetch GET 200 https://registry.npmjs.org/socks-proxy-agent 4ms (cache hit)
560 silly packumentCache full:https://registry.npmjs.org/socks-proxy-agent set size:96838 disposed:false
561 silly fetch manifest socks@^2.8.3
562 silly packumentCache full:https://registry.npmjs.org/socks cache-miss
563 http fetch GET 200 https://registry.npmjs.org/socks 32ms (cache miss)
564 silly packumentCache full:https://registry.npmjs.org/socks set size:undefined disposed:false
565 silly placeDep node_modules/pm2 @tootallnate/quickjs-emscripten@0.23.0 OK for: pac-proxy-agent@7.2.0 want: ^0.23.0
566 silly placeDep node_modules/pm2 get-uri@6.0.4 OK for: pac-proxy-agent@7.2.0 want: ^6.0.1
567 silly placeDep node_modules/pm2 pac-resolver@7.0.1 OK for: pac-proxy-agent@7.2.0 want: ^7.0.1
568 silly fetch manifest basic-ftp@^5.0.2
569 silly packumentCache full:https://registry.npmjs.org/basic-ftp cache-miss
570 http fetch GET 200 https://registry.npmjs.org/basic-ftp 72ms (cache miss)
571 silly packumentCache full:https://registry.npmjs.org/basic-ftp set size:undefined disposed:false
572 silly fetch manifest data-uri-to-buffer@^6.0.2
573 silly packumentCache full:https://registry.npmjs.org/data-uri-to-buffer cache-miss
574 http fetch GET 200 https://registry.npmjs.org/data-uri-to-buffer 23ms (cache miss)
575 silly packumentCache full:https://registry.npmjs.org/data-uri-to-buffer set size:undefined disposed:false
576 silly fetch manifest degenerator@^5.0.0
577 silly packumentCache full:https://registry.npmjs.org/degenerator cache-miss
578 http fetch GET 200 https://registry.npmjs.org/degenerator 23ms (cache miss)
579 silly packumentCache full:https://registry.npmjs.org/degenerator set size:undefined disposed:false
580 silly fetch manifest netmask@^2.0.2
581 silly packumentCache full:https://registry.npmjs.org/netmask cache-miss
582 http fetch GET 200 https://registry.npmjs.org/netmask 20ms (cache miss)
583 silly packumentCache full:https://registry.npmjs.org/netmask set size:undefined disposed:false
584 silly placeDep node_modules/pm2 basic-ftp@5.0.5 OK for: get-uri@6.0.4 want: ^5.0.2
585 silly placeDep node_modules/pm2 data-uri-to-buffer@6.0.2 OK for: get-uri@6.0.4 want: ^6.0.2
586 silly placeDep node_modules/pm2 degenerator@5.0.1 OK for: pac-resolver@7.0.1 want: ^5.0.0
587 silly placeDep node_modules/pm2 netmask@2.0.2 OK for: pac-resolver@7.0.1 want: ^2.0.2
588 silly fetch manifest ast-types@^0.13.4
589 silly packumentCache full:https://registry.npmjs.org/ast-types cache-miss
590 http fetch GET 200 https://registry.npmjs.org/ast-types 30ms (cache miss)
591 silly packumentCache full:https://registry.npmjs.org/ast-types set size:undefined disposed:false
592 silly fetch manifest escodegen@^2.1.0
593 silly packumentCache full:https://registry.npmjs.org/escodegen cache-miss
594 http fetch GET 200 https://registry.npmjs.org/escodegen 26ms (cache revalidated)
595 silly packumentCache full:https://registry.npmjs.org/escodegen set size:119723 disposed:false
596 silly fetch manifest esprima@^4.0.1
597 silly packumentCache full:https://registry.npmjs.org/esprima cache-miss
598 http fetch GET 200 https://registry.npmjs.org/esprima 88ms (cache revalidated)
599 silly packumentCache full:https://registry.npmjs.org/esprima set size:118410 disposed:false
600 silly placeDep node_modules/pm2 ast-types@0.13.4 OK for: degenerator@5.0.1 want: ^0.13.4
601 silly placeDep node_modules/pm2 escodegen@2.1.0 OK for: degenerator@5.0.1 want: ^2.1.0
602 silly placeDep node_modules/pm2 esprima@4.0.1 OK for: degenerator@5.0.1 want: ^4.0.1
603 silly fetch manifest tslib@^2.0.1
604 silly packumentCache full:https://registry.npmjs.org/tslib cache-miss
605 http fetch GET 200 https://registry.npmjs.org/tslib 2ms (cache hit)
606 silly packumentCache full:https://registry.npmjs.org/tslib set size:108820 disposed:false
607 silly fetch manifest estraverse@^5.2.0
608 silly packumentCache full:https://registry.npmjs.org/estraverse cache-miss
609 http fetch GET 200 https://registry.npmjs.org/estraverse 25ms (cache revalidated)
610 silly packumentCache full:https://registry.npmjs.org/estraverse set size:62412 disposed:false
611 silly fetch manifest esutils@^2.0.2
612 silly packumentCache full:https://registry.npmjs.org/esutils cache-miss
613 http fetch GET 200 https://registry.npmjs.org/esutils 35ms (cache revalidated)
614 silly packumentCache full:https://registry.npmjs.org/esutils set size:29522 disposed:false
615 silly fetch manifest source-map@~0.6.1
616 silly packumentCache full:https://registry.npmjs.org/source-map cache-miss
617 http fetch GET 200 https://registry.npmjs.org/source-map 3ms (cache hit)
618 silly packumentCache full:https://registry.npmjs.org/source-map set size:243370 disposed:false
619 silly placeDep node_modules/pm2/node_modules/ast-types tslib@2.8.1 OK for: ast-types@0.13.4 want: ^2.0.1
620 silly placeDep node_modules/pm2 estraverse@5.3.0 OK for: escodegen@2.1.0 want: ^5.2.0
621 silly placeDep node_modules/pm2 esutils@2.0.3 OK for: escodegen@2.1.0 want: ^2.0.2
622 silly placeDep node_modules/pm2 source-map@0.6.1 OK for: escodegen@2.1.0 want: ~0.6.1
623 silly placeDep node_modules/pm2 mute-stream@0.0.8 OK for: read@1.0.7 want: ~0.0.4
624 silly placeDep node_modules/pm2 module-details-from-path@1.0.4 OK for: require-in-the-middle@5.2.0 want: ^1.0.3
625 silly placeDep node_modules/pm2 resolve@1.22.10 OK for: require-in-the-middle@5.2.0 want: ^1.22.1
626 silly fetch manifest is-core-module@^2.16.0
627 silly packumentCache full:https://registry.npmjs.org/is-core-module cache-miss
628 http fetch GET 200 https://registry.npmjs.org/is-core-module 45ms (cache revalidated)
629 silly packumentCache full:https://registry.npmjs.org/is-core-module set size:71788 disposed:false
630 silly fetch manifest path-parse@^1.0.7
631 silly packumentCache full:https://registry.npmjs.org/path-parse cache-miss
632 http fetch GET 200 https://registry.npmjs.org/path-parse 23ms (cache revalidated)
633 silly packumentCache full:https://registry.npmjs.org/path-parse set size:14523 disposed:false
634 silly fetch manifest supports-preserve-symlinks-flag@^1.0.0
635 silly packumentCache full:https://registry.npmjs.org/supports-preserve-symlinks-flag cache-miss
636 http fetch GET 200 https://registry.npmjs.org/supports-preserve-symlinks-flag 47ms (cache revalidated)
637 silly packumentCache full:https://registry.npmjs.org/supports-preserve-symlinks-flag set size:6802 disposed:false
638 silly placeDep node_modules/pm2 is-core-module@2.16.1 OK for: resolve@1.22.10 want: ^2.16.0
639 silly placeDep node_modules/pm2 path-parse@1.0.7 OK for: resolve@1.22.10 want: ^1.0.7
640 silly placeDep node_modules/pm2 supports-preserve-symlinks-flag@1.0.0 OK for: resolve@1.22.10 want: ^1.0.0
641 silly fetch manifest hasown@^2.0.2
642 silly packumentCache full:https://registry.npmjs.org/hasown cache-miss
643 http fetch GET 200 https://registry.npmjs.org/hasown 31ms (cache revalidated)
644 silly packumentCache full:https://registry.npmjs.org/hasown set size:12476 disposed:false
645 silly placeDep node_modules/pm2 hasown@2.0.2 OK for: is-core-module@2.16.1 want: ^2.0.2
646 silly fetch manifest function-bind@^1.1.2
647 silly packumentCache full:https://registry.npmjs.org/function-bind cache-miss
648 http fetch GET 200 https://registry.npmjs.org/function-bind 29ms (cache revalidated)
649 silly packumentCache full:https://registry.npmjs.org/function-bind set size:15733 disposed:false
650 silly placeDep node_modules/pm2 function-bind@1.1.2 OK for: hasown@2.0.2 want: ^1.1.2
651 silly placeDep node_modules/pm2 socks@2.8.5 OK for: socks-proxy-agent@8.0.5 want: ^2.8.3
652 silly fetch manifest ip-address@^9.0.5
653 silly packumentCache full:https://registry.npmjs.org/ip-address cache-miss
654 http fetch GET 200 https://registry.npmjs.org/ip-address 32ms (cache miss)
655 silly packumentCache full:https://registry.npmjs.org/ip-address set size:undefined disposed:false
656 silly fetch manifest smart-buffer@^4.2.0
657 silly packumentCache full:https://registry.npmjs.org/smart-buffer cache-miss
658 http fetch GET 200 https://registry.npmjs.org/smart-buffer 28ms (cache miss)
659 silly packumentCache full:https://registry.npmjs.org/smart-buffer set size:undefined disposed:false
660 silly placeDep node_modules/pm2 ip-address@9.0.5 OK for: socks@2.8.5 want: ^9.0.5
661 silly placeDep node_modules/pm2 smart-buffer@4.2.0 OK for: socks@2.8.5 want: ^4.2.0
662 silly fetch manifest jsbn@1.1.0
663 silly packumentCache full:https://registry.npmjs.org/jsbn cache-miss
664 http fetch GET 200 https://registry.npmjs.org/jsbn 21ms (cache miss)
665 silly packumentCache full:https://registry.npmjs.org/jsbn set size:undefined disposed:false
666 silly fetch manifest sprintf-js@^1.1.3
667 silly packumentCache full:https://registry.npmjs.org/sprintf-js cache-hit
668 silly placeDep node_modules/pm2 jsbn@1.1.0 OK for: ip-address@9.0.5 want: 1.1.0
669 silly placeDep node_modules/pm2/node_modules/ip-address sprintf-js@1.1.3 OK for: ip-address@9.0.5 want: ^1.1.3
670 silly placeDep node_modules/pm2 buffer-from@1.1.2 OK for: source-map-support@0.5.21 want: ^1.0.0
671 silly placeDep node_modules/pm2 has-flag@4.0.0 OK for: supports-color@7.2.0 want: ^4.0.0
672 silly placeDep node_modules/pm2 is-number@7.0.0 OK for: to-regex-range@5.0.1 want: ^7.0.0
673 silly placeDep node_modules/pm2 json-stringify-safe@5.0.1 OK for: tx2@1.0.5 want: ^5.0.1
674 silly placeDep node_modules/pm2/node_modules/vizion async@2.6.4 OK for: vizion@2.2.1 want: ^2.6.3
675 silly placeDep node_modules/pm2 git-node-fs@1.0.0 OK for: vizion@2.2.1 want: ^1.0.0
676 silly placeDep node_modules/pm2 ini@1.3.8 OK for: vizion@2.2.1 want: ^1.3.5
677 silly placeDep node_modules/pm2 js-git@0.7.8 OK for: vizion@2.2.1 want: ^0.7.8
678 silly fetch manifest bodec@^0.1.0
679 silly packumentCache full:https://registry.npmjs.org/bodec cache-miss
680 http fetch GET 200 https://registry.npmjs.org/bodec 534ms (cache miss)
681 silly packumentCache full:https://registry.npmjs.org/bodec set size:undefined disposed:false
682 silly fetch manifest culvert@^0.1.2
683 silly packumentCache full:https://registry.npmjs.org/culvert cache-miss
684 http fetch GET 200 https://registry.npmjs.org/culvert 25ms (cache miss)
685 silly packumentCache full:https://registry.npmjs.org/culvert set size:undefined disposed:false
686 silly fetch manifest git-sha1@^0.1.2
687 silly packumentCache full:https://registry.npmjs.org/git-sha1 cache-miss
688 http fetch GET 200 https://registry.npmjs.org/git-sha1 24ms (cache miss)
689 silly packumentCache full:https://registry.npmjs.org/git-sha1 set size:undefined disposed:false
690 silly fetch manifest pako@^0.2.5
691 silly packumentCache full:https://registry.npmjs.org/pako cache-miss
692 http fetch GET 200 https://registry.npmjs.org/pako 27ms (cache miss)
693 silly packumentCache full:https://registry.npmjs.org/pako set size:undefined disposed:false
694 silly placeDep node_modules/pm2 bodec@0.1.0 OK for: js-git@0.7.8 want: ^0.1.0
695 silly placeDep node_modules/pm2 culvert@0.1.2 OK for: js-git@0.7.8 want: ^0.1.2
696 silly placeDep node_modules/pm2 git-sha1@0.1.2 OK for: js-git@0.7.8 want: ^0.1.2
697 silly placeDep node_modules/pm2 pako@0.2.9 OK for: js-git@0.7.8 want: ^0.2.5
698 silly placeDep node_modules/pm2/node_modules/@pm2/agent lru-cache@6.0.0 OK for: semver@7.5.4 want: ^6.0.0
699 silly fetch manifest yallist@^4.0.0
700 silly packumentCache full:https://registry.npmjs.org/yallist cache-miss
701 http fetch GET 200 https://registry.npmjs.org/yallist 25ms (cache revalidated)
702 silly packumentCache full:https://registry.npmjs.org/yallist set size:34610 disposed:false
703 silly placeDep node_modules/pm2 yallist@4.0.0 OK for: lru-cache@6.0.0 want: ^4.0.0
704 silly placeDep node_modules/pm2 lodash@4.17.21 OK for: async@2.6.4 want: ^4.17.14
705 silly placeDep node_modules/pm2/node_modules/@pm2/io lru-cache@6.0.0 OK for: semver@7.5.4 want: ^6.0.0
706 silly reify moves {}
707 verbose reify failed optional dependency /home/ec2-user/.nvm/versions/node/v18.20.5/lib/node_modules/pm2/node_modules/fsevents
708 silly reify mark deleted [
708 silly reify   '/home/ec2-user/.nvm/versions/node/v18.20.5/lib/node_modules/pm2/node_modules/fsevents'
708 silly reify ]
709 silly tarball no local data for pm2@https://registry.npmjs.org/pm2/-/pm2-6.0.8.tgz. Extracting by manifest.
710 silly tarball no local data for git-sha1@https://registry.npmjs.org/git-sha1/-/git-sha1-0.1.2.tgz. Extracting by manifest.
711 silly tarball no local data for pako@https://registry.npmjs.org/pako/-/pako-0.2.9.tgz. Extracting by manifest.
712 silly tarball no local data for js-git@https://registry.npmjs.org/js-git/-/js-git-0.7.8.tgz. Extracting by manifest.
713 silly tarball no local data for git-node-fs@https://registry.npmjs.org/git-node-fs/-/git-node-fs-1.0.0.tgz. Extracting by manifest.
714 silly tarball no local data for culvert@https://registry.npmjs.org/culvert/-/culvert-0.1.2.tgz. Extracting by manifest.
715 silly tarball no local data for bodec@https://registry.npmjs.org/bodec/-/bodec-0.1.0.tgz. Extracting by manifest.
716 silly tarball no local data for json-stringify-safe@https://registry.npmjs.org/json-stringify-safe/-/json-stringify-safe-5.0.1.tgz. Extracting by manifest.
717 silly tarball no local data for jsbn@https://registry.npmjs.org/jsbn/-/jsbn-1.1.0.tgz. Extracting by manifest.
718 silly tarball no local data for ip-address@https://registry.npmjs.org/ip-address/-/ip-address-9.0.5.tgz. Extracting by manifest.
719 silly tarball no local data for sprintf-js@https://registry.npmjs.org/sprintf-js/-/sprintf-js-1.1.3.tgz. Extracting by manifest.
720 silly tarball no local data for socks@https://registry.npmjs.org/socks/-/socks-2.8.5.tgz. Extracting by manifest.
721 silly tarball no local data for smart-buffer@https://registry.npmjs.org/smart-buffer/-/smart-buffer-4.2.0.tgz. Extracting by manifest.
722 silly tarball no local data for module-details-from-path@https://registry.npmjs.org/module-details-from-path/-/module-details-from-path-1.0.4.tgz. Extracting by manifest.
723 silly tarball no local data for mute-stream@https://registry.npmjs.org/mute-stream/-/mute-stream-0.0.8.tgz. Extracting by manifest.
724 silly tarball no local data for ast-types@https://registry.npmjs.org/ast-types/-/ast-types-0.13.4.tgz. Extracting by manifest.
725 silly tarball no local data for netmask@https://registry.npmjs.org/netmask/-/netmask-2.0.2.tgz. Extracting by manifest.
726 silly tarball no local data for degenerator@https://registry.npmjs.org/degenerator/-/degenerator-5.0.1.tgz. Extracting by manifest.
727 silly tarball no local data for data-uri-to-buffer@https://registry.npmjs.org/data-uri-to-buffer/-/data-uri-to-buffer-6.0.2.tgz. Extracting by manifest.
728 silly tarball no local data for basic-ftp@https://registry.npmjs.org/basic-ftp/-/basic-ftp-5.0.5.tgz. Extracting by manifest.
729 silly tarball no local data for get-uri@https://registry.npmjs.org/get-uri/-/get-uri-6.0.4.tgz. Extracting by manifest.
730 silly tarball no local data for socks-proxy-agent@https://registry.npmjs.org/socks-proxy-agent/-/socks-proxy-agent-8.0.5.tgz. Extracting by manifest.
731 silly tarball no local data for pac-resolver@https://registry.npmjs.org/pac-resolver/-/pac-resolver-7.0.1.tgz. Extracting by manifest.
732 silly tarball no local data for pac-proxy-agent@https://registry.npmjs.org/pac-proxy-agent/-/pac-proxy-agent-7.2.0.tgz. Extracting by manifest.
733 silly tarball no local data for lru-cache@https://registry.npmjs.org/lru-cache/-/lru-cache-7.18.3.tgz. Extracting by manifest.
734 silly tarball no local data for @tootallnate/quickjs-emscripten@https://registry.npmjs.org/@tootallnate/quickjs-emscripten/-/quickjs-emscripten-0.23.0.tgz. Extracting by manifest.
735 silly tarball no local data for http-proxy-agent@https://registry.npmjs.org/http-proxy-agent/-/http-proxy-agent-7.0.2.tgz. Extracting by manifest.
736 silly tarball no local data for read@https://registry.npmjs.org/read/-/read-1.0.7.tgz. Extracting by manifest.
737 silly tarball no local data for tx2@https://registry.npmjs.org/tx2/-/tx2-1.0.5.tgz. Extracting by manifest.
738 silly tarball no local data for systeminformation@https://registry.npmjs.org/systeminformation/-/systeminformation-5.27.1.tgz. Extracting by manifest.
739 silly tarball no local data for tv4@https://registry.npmjs.org/tv4/-/tv4-1.3.0.tgz. Extracting by manifest.
740 silly tarball no local data for run-series@https://registry.npmjs.org/run-series/-/run-series-1.1.9.tgz. Extracting by manifest.
741 silly tarball no local data for agent-base@https://registry.npmjs.org/agent-base/-/agent-base-7.1.3.tgz. Extracting by manifest.
742 silly tarball no local data for amp-message@https://registry.npmjs.org/amp-message/-/amp-message-0.1.2.tgz. Extracting by manifest.
743 silly tarball no local data for amp@https://registry.npmjs.org/amp/-/amp-0.3.1.tgz. Extracting by manifest.
744 silly tarball no local data for https-proxy-agent@https://registry.npmjs.org/https-proxy-agent/-/https-proxy-agent-7.0.6.tgz. Extracting by manifest.
745 silly tarball no local data for charm@https://registry.npmjs.org/charm/-/charm-0.1.2.tgz. Extracting by manifest.
746 silly tarball no local data for sax@https://registry.npmjs.org/sax/-/sax-1.4.1.tgz. Extracting by manifest.
747 silly tarball no local data for to-regex-range@https://registry.npmjs.org/to-regex-range/-/to-regex-range-5.0.1.tgz. Extracting by manifest.
748 silly tarball no local data for ansi-colors@https://registry.npmjs.org/ansi-colors/-/ansi-colors-4.1.3.tgz. Extracting by manifest.
749 silly tarball no local data for color-name@https://registry.npmjs.org/color-name/-/color-name-1.1.4.tgz. Extracting by manifest.
750 silly tarball no local data for fill-range@https://registry.npmjs.org/fill-range/-/fill-range-7.1.1.tgz. Extracting by manifest.
751 silly tarball no local data for color-convert@https://registry.npmjs.org/color-convert/-/color-convert-2.0.1.tgz. Extracting by manifest.
752 silly tarball no local data for extrareqp2@https://registry.npmjs.org/extrareqp2/-/extrareqp2-1.0.0.tgz. Extracting by manifest.
753 silly tarball no local data for tslib@https://registry.npmjs.org/tslib/-/tslib-1.9.3.tgz. Extracting by manifest.
754 silly tarball no local data for require-in-the-middle@https://registry.npmjs.org/require-in-the-middle/-/require-in-the-middle-5.2.0.tgz. Extracting by manifest.
755 silly tarball no local data for shimmer@https://registry.npmjs.org/shimmer/-/shimmer-1.2.1.tgz. Extracting by manifest.
756 silly tarball no local data for proxy-agent@https://registry.npmjs.org/proxy-agent/-/proxy-agent-6.4.0.tgz. Extracting by manifest.
757 silly tarball no local data for fast-json-patch@https://registry.npmjs.org/fast-json-patch/-/fast-json-patch-3.1.1.tgz. Extracting by manifest.
758 silly tarball no local data for vizion@https://registry.npmjs.org/vizion/-/vizion-2.2.1.tgz. Extracting by manifest.
759 silly tarball no local data for async@https://registry.npmjs.org/async/-/async-2.6.4.tgz. Extracting by manifest.
760 silly tarball no local data for sprintf-js@https://registry.npmjs.org/sprintf-js/-/sprintf-js-1.1.2.tgz. Extracting by manifest.
761 silly tarball no local data for promptly@https://registry.npmjs.org/promptly/-/promptly-2.2.0.tgz. Extracting by manifest.
762 silly tarball no local data for pm2-sysmonit@https://registry.npmjs.org/pm2-sysmonit/-/pm2-sysmonit-1.2.8.tgz. Extracting by manifest.
763 silly tarball no local data for pidusage@https://registry.npmjs.org/pidusage/-/pidusage-2.0.21.tgz. Extracting by manifest.
764 silly tarball no local data for pm2-deploy@https://registry.npmjs.org/pm2-deploy/-/pm2-deploy-1.0.2.tgz. Extracting by manifest.
765 silly tarball no local data for semver@https://registry.npmjs.org/semver/-/semver-7.7.2.tgz. Extracting by manifest.
766 silly tarball no local data for pm2-multimeter@https://registry.npmjs.org/pm2-multimeter/-/pm2-multimeter-0.1.2.tgz. Extracting by manifest.
767 silly tarball no local data for pidusage@https://registry.npmjs.org/pidusage/-/pidusage-3.0.2.tgz. Extracting by manifest.
768 silly tarball no local data for needle@https://registry.npmjs.org/needle/-/needle-2.4.0.tgz. Extracting by manifest.
769 silly tarball no local data for pm2-axon-rpc@https://registry.npmjs.org/pm2-axon-rpc/-/pm2-axon-rpc-0.7.1.tgz. Extracting by manifest.
770 silly tarball no local data for mkdirp@https://registry.npmjs.org/mkdirp/-/mkdirp-1.0.4.tgz. Extracting by manifest.
771 silly tarball no local data for fclone@https://registry.npmjs.org/fclone/-/fclone-1.0.11.tgz. Extracting by manifest.
772 silly tarball no local data for eventemitter2@https://registry.npmjs.org/eventemitter2/-/eventemitter2-5.0.1.tgz. Extracting by manifest.
773 silly tarball no local data for enquirer@https://registry.npmjs.org/enquirer/-/enquirer-2.3.6.tgz. Extracting by manifest.
774 silly tarball no local data for debug@https://registry.npmjs.org/debug/-/debug-4.4.1.tgz. Extracting by manifest.
775 silly tarball no local data for pm2-axon@https://registry.npmjs.org/pm2-axon/-/pm2-axon-4.0.1.tgz. Extracting by manifest.
776 silly tarball no local data for croner@https://registry.npmjs.org/croner/-/croner-4.1.97.tgz. Extracting by manifest.
777 silly tarball no local data for commander@https://registry.npmjs.org/commander/-/commander-2.15.1.tgz. Extracting by manifest.
778 silly tarball no local data for cli-tableau@https://registry.npmjs.org/cli-tableau/-/cli-tableau-2.0.1.tgz. Extracting by manifest.
779 silly tarball no local data for blessed@https://registry.npmjs.org/blessed/-/blessed-0.1.81.tgz. Extracting by manifest.
780 silly tarball no local data for async@https://registry.npmjs.org/async/-/async-3.2.6.tgz. Extracting by manifest.
781 silly tarball no local data for @pm2/pm2-version-check@https://registry.npmjs.org/@pm2/pm2-version-check/-/pm2-version-check-1.0.4.tgz. Extracting by manifest.
782 silly tarball no local data for @pm2/js-api@https://registry.npmjs.org/@pm2/js-api/-/js-api-0.8.0.tgz. Extracting by manifest.
783 silly tarball no local data for eventemitter2@https://registry.npmjs.org/eventemitter2/-/eventemitter2-6.4.9.tgz. Extracting by manifest.
784 silly tarball no local data for debug@https://registry.npmjs.org/debug/-/debug-4.3.7.tgz. Extracting by manifest.
785 silly tarball no local data for async@https://registry.npmjs.org/async/-/async-2.6.4.tgz. Extracting by manifest.
786 silly tarball no local data for @pm2/io@https://registry.npmjs.org/@pm2/io/-/io-6.1.0.tgz. Extracting by manifest.
787 silly tarball no local data for semver@https://registry.npmjs.org/semver/-/semver-7.5.4.tgz. Extracting by manifest.
788 silly tarball no local data for eventemitter2@https://registry.npmjs.org/eventemitter2/-/eventemitter2-6.4.9.tgz. Extracting by manifest.
789 silly tarball no local data for debug@https://registry.npmjs.org/debug/-/debug-4.3.7.tgz. Extracting by manifest.
790 silly tarball no local data for async@https://registry.npmjs.org/async/-/async-2.6.4.tgz. Extracting by manifest.
791 silly tarball no local data for @pm2/agent@https://registry.npmjs.org/@pm2/agent/-/agent-2.1.1.tgz. Extracting by manifest.
792 silly tarball no local data for semver@https://registry.npmjs.org/semver/-/semver-7.5.4.tgz. Extracting by manifest.
793 silly tarball no local data for debug@https://registry.npmjs.org/debug/-/debug-4.3.7.tgz. Extracting by manifest.
794 silly tarball no local data for dayjs@https://registry.npmjs.org/dayjs/-/dayjs-1.8.36.tgz. Extracting by manifest.
795 silly tarball no local data for dayjs@https://registry.npmjs.org/dayjs/-/dayjs-1.11.13.tgz. Extracting by manifest.
796 silly tarball no local data for ansis@https://registry.npmjs.org/ansis/-/ansis-4.0.0-node10.tgz. Extracting by manifest.
797 http fetch GET 200 https://registry.npmjs.org/netmask/-/netmask-2.0.2.tgz 1216ms (cache miss)
798 http fetch GET 200 https://registry.npmjs.org/data-uri-to-buffer/-/data-uri-to-buffer-6.0.2.tgz 1340ms (cache miss)
799 http fetch GET 200 https://registry.npmjs.org/git-sha1/-/git-sha1-0.1.2.tgz 1375ms (cache miss)
800 http fetch GET 200 https://registry.npmjs.org/git-node-fs/-/git-node-fs-1.0.0.tgz 1374ms (cache miss)
801 http fetch GET 200 https://registry.npmjs.org/module-details-from-path/-/module-details-from-path-1.0.4.tgz 1365ms (cache miss)
802 http fetch GET 200 https://registry.npmjs.org/mute-stream/-/mute-stream-0.0.8.tgz 1377ms (cache miss)
803 http fetch GET 200 https://registry.npmjs.org/bodec/-/bodec-0.1.0.tgz 1390ms (cache miss)
804 http fetch GET 200 https://registry.npmjs.org/culvert/-/culvert-0.1.2.tgz 1391ms (cache miss)
805 http fetch GET 200 https://registry.npmjs.org/run-series/-/run-series-1.1.9.tgz 1359ms (cache miss)
806 http fetch GET 200 https://registry.npmjs.org/json-stringify-safe/-/json-stringify-safe-5.0.1.tgz 1412ms (cache miss)
807 http fetch GET 200 https://registry.npmjs.org/read/-/read-1.0.7.tgz 1393ms (cache miss)
808 http fetch GET 200 https://registry.npmjs.org/amp-message/-/amp-message-0.1.2.tgz 1388ms (cache miss)
809 http fetch GET 200 https://registry.npmjs.org/tslib/-/tslib-1.9.3.tgz 1389ms (cache miss)
810 http fetch GET 200 https://registry.npmjs.org/amp/-/amp-0.3.1.tgz 1423ms (cache miss)
811 http fetch GET 200 https://registry.npmjs.org/shimmer/-/shimmer-1.2.1.tgz 1399ms (cache miss)
812 http fetch GET 200 https://registry.npmjs.org/color-name/-/color-name-1.1.4.tgz 1423ms (cache miss)
813 http fetch GET 200 https://registry.npmjs.org/promptly/-/promptly-2.2.0.tgz 1409ms (cache miss)
814 http fetch GET 200 https://registry.npmjs.org/mkdirp/-/mkdirp-1.0.4.tgz 1397ms (cache miss)
815 http fetch GET 200 https://registry.npmjs.org/require-in-the-middle/-/require-in-the-middle-5.2.0.tgz 1429ms (cache miss)
816 http fetch GET 200 https://registry.npmjs.org/charm/-/charm-0.1.2.tgz 1459ms (cache miss)
817 http fetch GET 200 https://registry.npmjs.org/pm2-axon/-/pm2-axon-4.0.1.tgz 1382ms (cache miss)
818 http fetch GET 200 https://registry.npmjs.org/fill-range/-/fill-range-7.1.1.tgz 1469ms (cache miss)
819 http fetch GET 200 https://registry.npmjs.org/pm2-axon-rpc/-/pm2-axon-rpc-0.7.1.tgz 1443ms (cache miss)
820 http fetch GET 200 https://registry.npmjs.org/eventemitter2/-/eventemitter2-5.0.1.tgz 1410ms (cache miss)
821 http fetch GET 200 https://registry.npmjs.org/commander/-/commander-2.15.1.tgz 1402ms (cache miss)
822 http fetch GET 200 https://registry.npmjs.org/to-regex-range/-/to-regex-range-5.0.1.tgz 1499ms (cache miss)
823 http fetch GET 200 https://registry.npmjs.org/pm2-deploy/-/pm2-deploy-1.0.2.tgz 1475ms (cache miss)
824 http fetch GET 200 https://registry.npmjs.org/@pm2/pm2-version-check/-/pm2-version-check-1.0.4.tgz 1417ms (cache miss)
825 http fetch GET 200 https://registry.npmjs.org/debug/-/debug-4.3.7.tgz 1395ms (cache miss)
826 http fetch GET 200 https://registry.npmjs.org/pidusage/-/pidusage-2.0.21.tgz 1488ms (cache miss)
827 http fetch GET 200 https://registry.npmjs.org/fclone/-/fclone-1.0.11.tgz 1442ms (cache miss)
828 http fetch GET 200 https://registry.npmjs.org/debug/-/debug-4.4.1.tgz 1438ms (cache miss)
829 http fetch GET 200 https://registry.npmjs.org/pm2-multimeter/-/pm2-multimeter-0.1.2.tgz 1498ms (cache miss)
830 http fetch GET 200 https://registry.npmjs.org/ansis/-/ansis-4.0.0-node10.tgz 1417ms (cache miss)
831 http fetch GET 200 https://registry.npmjs.org/socks-proxy-agent/-/socks-proxy-agent-8.0.5.tgz 1570ms (cache miss)
832 http fetch GET 200 https://registry.npmjs.org/pac-proxy-agent/-/pac-proxy-agent-7.2.0.tgz 1569ms (cache miss)
833 http fetch GET 200 https://registry.npmjs.org/color-convert/-/color-convert-2.0.1.tgz 1539ms (cache miss)
834 http fetch GET 200 https://registry.npmjs.org/ansi-colors/-/ansi-colors-4.1.3.tgz 1541ms (cache miss)
835 http fetch GET 200 https://registry.npmjs.org/sprintf-js/-/sprintf-js-1.1.2.tgz 1532ms (cache miss)
836 http fetch GET 200 https://registry.npmjs.org/jsbn/-/jsbn-1.1.0.tgz 1602ms (cache miss)
837 http fetch GET 200 https://registry.npmjs.org/sax/-/sax-1.4.1.tgz 1561ms (cache miss)
838 http fetch GET 200 https://registry.npmjs.org/proxy-agent/-/proxy-agent-6.4.0.tgz 1550ms (cache miss)
839 http fetch GET 200 https://registry.npmjs.org/debug/-/debug-4.3.7.tgz 1482ms (cache miss)
840 http fetch GET 200 https://registry.npmjs.org/debug/-/debug-4.3.7.tgz 1477ms (cache miss)
841 http fetch GET 200 https://registry.npmjs.org/eventemitter2/-/eventemitter2-6.4.9.tgz 1480ms (cache miss)
842 http fetch GET 200 https://registry.npmjs.org/http-proxy-agent/-/http-proxy-agent-7.0.2.tgz 1615ms (cache miss)
843 http fetch GET 200 https://registry.npmjs.org/sprintf-js/-/sprintf-js-1.1.3.tgz 1654ms (cache miss)
844 http fetch GET 200 https://registry.npmjs.org/degenerator/-/degenerator-5.0.1.tgz 1656ms (cache miss)
845 http fetch GET 200 https://registry.npmjs.org/cli-tableau/-/cli-tableau-2.0.1.tgz 1544ms (cache miss)
846 http fetch GET 200 https://registry.npmjs.org/agent-base/-/agent-base-7.1.3.tgz 1654ms (cache miss)
847 http fetch GET 200 https://registry.npmjs.org/https-proxy-agent/-/https-proxy-agent-7.0.6.tgz 1661ms (cache miss)
848 http fetch GET 200 https://registry.npmjs.org/eventemitter2/-/eventemitter2-6.4.9.tgz 1561ms (cache miss)
849 http fetch GET 200 https://registry.npmjs.org/pidusage/-/pidusage-3.0.2.tgz 1682ms (cache miss)
850 http fetch GET 200 https://registry.npmjs.org/tv4/-/tv4-1.3.0.tgz 1758ms (cache miss)
851 http fetch GET 200 https://registry.npmjs.org/tx2/-/tx2-1.0.5.tgz 1796ms (cache miss)
852 http fetch GET 200 https://registry.npmjs.org/smart-buffer/-/smart-buffer-4.2.0.tgz 1818ms (cache miss)
853 http fetch GET 200 https://registry.npmjs.org/fast-json-patch/-/fast-json-patch-3.1.1.tgz 1772ms (cache miss)
854 http fetch GET 200 https://registry.npmjs.org/lru-cache/-/lru-cache-7.18.3.tgz 1821ms (cache miss)
855 http fetch GET 200 https://registry.npmjs.org/get-uri/-/get-uri-6.0.4.tgz 1845ms (cache miss)
856 http fetch GET 200 https://registry.npmjs.org/pm2-sysmonit/-/pm2-sysmonit-1.2.8.tgz 1811ms (cache miss)
857 verbose cwd /home/ec2-user
858 verbose os Linux 6.1.109-118.189.amzn2023.x86_64
859 verbose node v18.20.5
860 verbose npm  v10.8.2
861 verbose exit 1
862 verbose code 1
863 error A complete log of this run can be found in: /home/ec2-user/.npm/_logs/2025-06-10T07_37_14_561Z-debug-0.log
