0 verbose cli /home/ec2-user/.nvm/versions/node/v18.20.5/bin/node /home/ec2-user/.nvm/versions/node/v18.20.5/bin/npm
1 info using npm@10.8.2
2 info using node@v18.20.5
3 silly config load:file:/home/ec2-user/.nvm/versions/node/v18.20.5/lib/node_modules/npm/npmrc
4 silly config load:file:/home/ec2-user/.cache/typescript/5.7/.npmrc
5 silly config load:file:/home/ec2-user/.npmrc
6 silly config load:file:/home/ec2-user/.nvm/versions/node/v18.20.5/etc/npmrc
7 verbose title npm install @types/react@ts5.7 @types/react-dom@ts5.7
8 verbose argv "install" "--ignore-scripts" "@types/react@ts5.7" "@types/react-dom@ts5.7" "--save-dev" "--user-agent" "typesInstaller/5.7.2"
9 verbose logfile logs-max:10 dir:/home/ec2-user/.npm/_logs/2025-06-10T07_53_44_787Z-
10 verbose logfile /home/ec2-user/.npm/_logs/2025-06-10T07_53_44_787Z-debug-0.log
11 silly packumentCache heap:510394368 maxSize:127598592 maxEntrySize:63799296
12 silly logfile start cleaning logs, removing 1 files
13 silly logfile done cleaning log files
14 silly packumentCache corgi:https://registry.npmjs.org/@types%2freact cache-miss
15 silly packumentCache corgi:https://registry.npmjs.org/@types%2freact-dom cache-miss
16 http fetch GET 200 https://registry.npmjs.org/@types%2freact-dom 368ms (cache revalidated)
17 silly packumentCache corgi:https://registry.npmjs.org/@types%2freact-dom set size:169888 disposed:false
18 http fetch GET 200 https://registry.npmjs.org/@types%2freact 389ms (cache revalidated)
19 silly packumentCache corgi:https://registry.npmjs.org/@types%2freact set size:634818 disposed:false
20 silly idealTree buildDeps
21 silly fetch manifest @types/react@19.1.7
22 silly packumentCache full:https://registry.npmjs.org/@types%2freact cache-miss
23 http fetch GET 200 https://registry.npmjs.org/@types%2freact 66ms (cache revalidated)
24 silly packumentCache full:https://registry.npmjs.org/@types%2freact set size:2408257 disposed:false
25 silly fetch manifest @types/react-dom@19.1.6
26 silly packumentCache full:https://registry.npmjs.org/@types%2freact-dom cache-miss
27 http fetch GET 200 https://registry.npmjs.org/@types%2freact-dom 56ms (cache revalidated)
28 silly packumentCache full:https://registry.npmjs.org/@types%2freact-dom set size:403694 disposed:false
29 silly placeDep ROOT @types/react@19.1.7 REPLACE for:  want: 19.1.7
30 silly placeDep ROOT @types/react-dom@19.1.6 REPLACE for:  want: 19.1.6
31 silly reify moves {}
32 silly audit bulk request {
32 silly audit   csstype: [ '3.1.3' ],
32 silly audit   'types-registry': [ '0.1.724' ],
32 silly audit   '@types/react': [ '19.1.7' ],
32 silly audit   '@types/react-dom': [ '19.1.6' ]
32 silly audit }
33 http fetch POST 200 https://registry.npmjs.org/-/npm/v1/security/advisories/bulk 206ms
34 silly audit report {}
35 verbose cwd /home/ec2-user/.cache/typescript/5.7
36 verbose os Linux 6.1.109-118.189.amzn2023.x86_64
37 verbose node v18.20.5
38 verbose npm  v10.8.2
39 verbose exit 0
40 info ok
