0 verbose cli /home/ec2-user/.nvm/versions/node/v18.20.5/bin/node /home/ec2-user/.nvm/versions/node/v18.20.5/bin/npm
1 info using npm@10.8.2
2 info using node@v18.20.5
3 silly config load:file:/home/ec2-user/.nvm/versions/node/v18.20.5/lib/node_modules/npm/npmrc
4 silly config load:file:/home/ec2-user/.npmrc
5 silly config load:file:/home/ec2-user/.nvm/versions/node/v18.20.5/etc/npmrc
6 verbose title npm install pnpm
7 verbose argv "install" "--global" "pnpm"
8 verbose logfile logs-max:10 dir:/home/ec2-user/.npm/_logs/2025-06-10T05_33_22_697Z-
9 verbose logfile /home/ec2-user/.npm/_logs/2025-06-10T05_33_22_697Z-debug-0.log
10 silly packumentCache heap:510394368 maxSize:127598592 maxEntrySize:63799296
11 silly logfile start cleaning logs, removing 1 files
12 silly logfile done cleaning log files
13 silly idealTree buildDeps
14 silly fetch manifest pnpm@*
15 silly packumentCache full:https://registry.npmjs.org/pnpm cache-miss
16 http fetch GET 200 https://registry.npmjs.org/npm 142ms
17 http fetch GET 200 https://registry.npmjs.org/pnpm 256ms (cache miss)
18 silly packumentCache full:https://registry.npmjs.org/pnpm set size:undefined disposed:false
19 silly placeDep ROOT pnpm@10.12.1 OK for:  want: *
20 silly reify moves {}
21 silly tarball no local data for pnpm@https://registry.npmjs.org/pnpm/-/pnpm-10.12.1.tgz. Extracting by manifest.
22 http fetch GET 200 https://registry.npmjs.org/pnpm/-/pnpm-10.12.1.tgz 789ms (cache miss)
23 silly ADD node_modules/pnpm
24 verbose cwd /home/ec2-user/caffit_project
25 verbose os Linux 6.1.109-118.189.amzn2023.x86_64
26 verbose node v18.20.5
27 verbose npm  v10.8.2
28 notice
28 notice New [31mmajor[39m version of npm available! [31m10.8.2[39m -> [34m11.4.1[39m
28 notice Changelog: [34mhttps://github.com/npm/cli/releases/tag/v11.4.1[39m
28 notice To update run: [4mnpm install -g npm@11.4.1[24m
28 notice  { force: true, [Symbol(proc-log.meta)]: true }
29 verbose exit 0
30 info ok
